{"uuid":"68ff7b8a-a61d-404a-96ba-a04acbd185e9","historyId":"2f148b3015ba7665b3abcb7f673cf511","testCaseId":"f6a5189286e068c2d829fc703d5acece","fullName":"src/test/resources/features/RBStore.feature:9","labels":[{"name":"tag","value":"web"},{"name":"host","value":"CDG8043"},{"name":"thread","value":"2304@CDG8043.main(1)"},{"name":"feature","value":"Validating RB Store"},{"name":"story","value":"Verify user can buy a product"},{"name":"suite","value":"Validating RB Store"},{"name":"testClass","value":"Verify user can buy a product"},{"name":"framework","value":"cucumber4jvm"},{"name":"language","value":"java"},{"name":"gherkin_uri","value":"file:///C:/Users/291495/Desktop/RoyalBrothersAutomationFrameWork/src/test/resources/features/RBStore.feature"},{"name":"package","value":"src.test.resources.features.RBStore_feature.Validating RB Store"}],"links":[],"name":"Verify user can buy a product","status":"broken","statusDetails":{"known":false,"muted":false,"flaky":false,"message":"element click intercepted: Element <a href=\"/collections/t-shirts/products/exploring-bangalore-oversized-t-shirt\" class=\"card-information__text h4\" tabindex=\"-1\">...</a> is not clickable at point (362, 501). Other element would receive the click: <a href=\"/collections/t-shirts/products/exploring-bangalore-oversized-t-shirt\" class=\"full-unstyled-link\">...</a>\n  (Session info: chrome=133.0.6943.127)\nBuild info: version: '4.13.0', revision: 'ba948ece5b*'\nSystem info: os.name: 'Windows 11', os.arch: 'amd64', os.version: '10.0', java.version: '21.0.2'\nDriver info: org.openqa.selenium.chrome.ChromeDriver\nCommand: [7984e42ab78017e5c4eb02e315b0946e, clickElement {id=f.4598CF6F32D657154B1F15CBD296E1A2.d.2BF5BA5D82EAB966CD49445EBF3CC991.e.295}]\nCapabilities {acceptInsecureCerts: false, browserName: chrome, browserVersion: 133.0.6943.127, chrome: {chromedriverVersion: 133.0.6943.126 (cffa127ce7b..., userDataDir: C:\\Users\\291495\\AppData\\Loc...}, fedcm:accounts: true, goog:chromeOptions: {debuggerAddress: localhost:54367}, networkConnectionEnabled: false, pageLoadStrategy: normal, platformName: windows, proxy: Proxy(), se:cdp: ws://localhost:54367/devtoo..., se:cdpVersion: 133.0.6943.127, setWindowRect: true, strictFileInteractability: false, timeouts: {implicit: 0, pageLoad: 300000, script: 30000}, unhandledPromptBehavior: dismiss and notify, webauthn:extension:credBlob: true, webauthn:extension:largeBlob: true, webauthn:extension:minPinLength: true, webauthn:extension:prf: true, webauthn:virtualAuthenticators: true}\nElement: [[ChromeDriver: chrome on windows (7984e42ab78017e5c4eb02e315b0946e)] -> xpath: (//a[contains(@class,'card-information__text')])[1]]\nSession ID: 7984e42ab78017e5c4eb02e315b0946e","trace":"org.openqa.selenium.ElementClickInterceptedException: element click intercepted: Element <a href=\"/collections/t-shirts/products/exploring-bangalore-oversized-t-shirt\" class=\"card-information__text h4\" tabindex=\"-1\">...</a> is not clickable at point (362, 501). Other element would receive the click: <a href=\"/collections/t-shirts/products/exploring-bangalore-oversized-t-shirt\" class=\"full-unstyled-link\">...</a>\n  (Session info: chrome=133.0.6943.127)\nBuild info: version: '4.13.0', revision: 'ba948ece5b*'\nSystem info: os.name: 'Windows 11', os.arch: 'amd64', os.version: '10.0', java.version: '21.0.2'\nDriver info: org.openqa.selenium.chrome.ChromeDriver\nCommand: [7984e42ab78017e5c4eb02e315b0946e, clickElement {id=f.4598CF6F32D657154B1F15CBD296E1A2.d.2BF5BA5D82EAB966CD49445EBF3CC991.e.295}]\nCapabilities {acceptInsecureCerts: false, browserName: chrome, browserVersion: 133.0.6943.127, chrome: {chromedriverVersion: 133.0.6943.126 (cffa127ce7b..., userDataDir: C:\\Users\\291495\\AppData\\Loc...}, fedcm:accounts: true, goog:chromeOptions: {debuggerAddress: localhost:54367}, networkConnectionEnabled: false, pageLoadStrategy: normal, platformName: windows, proxy: Proxy(), se:cdp: ws://localhost:54367/devtoo..., se:cdpVersion: 133.0.6943.127, setWindowRect: true, strictFileInteractability: false, timeouts: {implicit: 0, pageLoad: 300000, script: 30000}, unhandledPromptBehavior: dismiss and notify, webauthn:extension:credBlob: true, webauthn:extension:largeBlob: true, webauthn:extension:minPinLength: true, webauthn:extension:prf: true, webauthn:virtualAuthenticators: true}\nElement: [[ChromeDriver: chrome on windows (7984e42ab78017e5c4eb02e315b0946e)] -> xpath: (//a[contains(@class,'card-information__text')])[1]]\nSession ID: 7984e42ab78017e5c4eb02e315b0946e\r\n\tat java.base/jdk.internal.reflect.DirectConstructorHandleAccessor.newInstance(DirectConstructorHandleAccessor.java:62)\r\n\tat java.base/java.lang.reflect.Constructor.newInstanceWithCaller(Constructor.java:502)\r\n\tat java.base/java.lang.reflect.Constructor.newInstance(Constructor.java:486)\r\n\tat org.openqa.selenium.remote.codec.w3c.W3CHttpResponseCodec.createException(W3CHttpResponseCodec.java:200)\r\n\tat org.openqa.selenium.remote.codec.w3c.W3CHttpResponseCodec.decode(W3CHttpResponseCodec.java:133)\r\n\tat org.openqa.selenium.remote.codec.w3c.W3CHttpResponseCodec.decode(W3CHttpResponseCodec.java:52)\r\n\tat org.openqa.selenium.remote.HttpCommandExecutor.execute(HttpCommandExecutor.java:191)\r\n\tat org.openqa.selenium.remote.service.DriverCommandExecutor.invokeExecute(DriverCommandExecutor.java:196)\r\n\tat org.openqa.selenium.remote.service.DriverCommandExecutor.execute(DriverCommandExecutor.java:171)\r\n\tat org.openqa.selenium.remote.RemoteWebDriver.execute(RemoteWebDriver.java:602)\r\n\tat org.openqa.selenium.remote.RemoteWebElement.execute(RemoteWebElement.java:224)\r\n\tat org.openqa.selenium.remote.RemoteWebElement.click(RemoteWebElement.java:77)\r\n\tat java.base/jdk.internal.reflect.DirectMethodHandleAccessor.invoke(DirectMethodHandleAccessor.java:103)\r\n\tat java.base/java.lang.reflect.Method.invoke(Method.java:580)\r\n\tat org.openqa.selenium.support.pagefactory.internal.LocatingElementHandler.invoke(LocatingElementHandler.java:51)\r\n\tat jdk.proxy2/jdk.proxy2.$Proxy27.click(Unknown Source)\r\n\tat com.automation.pages.web.WebSelectedProductPage.clickFirstProduct(WebSelectedProductPage.java:71)\r\n\tat com.automation.steps.SelectedProductSteps.userClickTheFirstProduct(SelectedProductSteps.java:24)\r\n\tat ✽.user click the first product(file:///C:/Users/291495/Desktop/RoyalBrothersAutomationFrameWork/src/test/resources/features/RBStore.feature:14)\r\n"},"stage":"finished","steps":[{"name":"Given user opens website or application","status":"passed","statusDetails":{"known":false,"muted":false,"flaky":false},"stage":"finished","steps":[],"attachments":[],"parameters":[],"start":1740504354642,"stop":1740504367881},{"name":"And user enters the location as \"booking.city\"","status":"passed","statusDetails":{"known":false,"muted":false,"flaky":false},"stage":"finished","steps":[],"attachments":[],"parameters":[],"start":1740504367881,"stop":1740504379869},{"name":"Then verify user is on the home page","status":"passed","statusDetails":{"known":false,"muted":false,"flaky":false},"stage":"finished","steps":[],"attachments":[],"parameters":[],"start":1740504379869,"stop":1740504379910},{"name":"When user navigates to RB products page","status":"passed","statusDetails":{"known":false,"muted":false,"flaky":false},"stage":"finished","steps":[],"attachments":[],"parameters":[],"start":1740504379912,"stop":1740504389049},{"name":"Then verify the RB products page is displayed","status":"passed","statusDetails":{"known":false,"muted":false,"flaky":false},"stage":"finished","steps":[],"attachments":[],"parameters":[],"start":1740504389051,"stop":1740504429428},{"name":"When user selects the product \"T-Shirts\"","status":"passed","statusDetails":{"known":false,"muted":false,"flaky":false},"stage":"finished","steps":[],"attachments":[],"parameters":[],"start":1740504429428,"stop":1740504430464},{"name":"Then verify the product \"T-Shirts\" store page is displayed","status":"passed","statusDetails":{"known":false,"muted":false,"flaky":false},"stage":"finished","steps":[],"attachments":[],"parameters":[],"start":1740504430468,"stop":1740504430531},{"name":"When user click the first product","status":"broken","statusDetails":{"known":false,"muted":false,"flaky":false,"message":"element click intercepted: Element <a href=\"/collections/t-shirts/products/exploring-bangalore-oversized-t-shirt\" class=\"card-information__text h4\" tabindex=\"-1\">...</a> is not clickable at point (362, 501). Other element would receive the click: <a href=\"/collections/t-shirts/products/exploring-bangalore-oversized-t-shirt\" class=\"full-unstyled-link\">...</a>\n  (Session info: chrome=133.0.6943.127)\nBuild info: version: '4.13.0', revision: 'ba948ece5b*'\nSystem info: os.name: 'Windows 11', os.arch: 'amd64', os.version: '10.0', java.version: '21.0.2'\nDriver info: org.openqa.selenium.chrome.ChromeDriver\nCommand: [7984e42ab78017e5c4eb02e315b0946e, clickElement {id=f.4598CF6F32D657154B1F15CBD296E1A2.d.2BF5BA5D82EAB966CD49445EBF3CC991.e.295}]\nCapabilities {acceptInsecureCerts: false, browserName: chrome, browserVersion: 133.0.6943.127, chrome: {chromedriverVersion: 133.0.6943.126 (cffa127ce7b..., userDataDir: C:\\Users\\291495\\AppData\\Loc...}, fedcm:accounts: true, goog:chromeOptions: {debuggerAddress: localhost:54367}, networkConnectionEnabled: false, pageLoadStrategy: normal, platformName: windows, proxy: Proxy(), se:cdp: ws://localhost:54367/devtoo..., se:cdpVersion: 133.0.6943.127, setWindowRect: true, strictFileInteractability: false, timeouts: {implicit: 0, pageLoad: 300000, script: 30000}, unhandledPromptBehavior: dismiss and notify, webauthn:extension:credBlob: true, webauthn:extension:largeBlob: true, webauthn:extension:minPinLength: true, webauthn:extension:prf: true, webauthn:virtualAuthenticators: true}\nElement: [[ChromeDriver: chrome on windows (7984e42ab78017e5c4eb02e315b0946e)] -> xpath: (//a[contains(@class,'card-information__text')])[1]]\nSession ID: 7984e42ab78017e5c4eb02e315b0946e","trace":"org.openqa.selenium.ElementClickInterceptedException: element click intercepted: Element <a href=\"/collections/t-shirts/products/exploring-bangalore-oversized-t-shirt\" class=\"card-information__text h4\" tabindex=\"-1\">...</a> is not clickable at point (362, 501). Other element would receive the click: <a href=\"/collections/t-shirts/products/exploring-bangalore-oversized-t-shirt\" class=\"full-unstyled-link\">...</a>\n  (Session info: chrome=133.0.6943.127)\nBuild info: version: '4.13.0', revision: 'ba948ece5b*'\nSystem info: os.name: 'Windows 11', os.arch: 'amd64', os.version: '10.0', java.version: '21.0.2'\nDriver info: org.openqa.selenium.chrome.ChromeDriver\nCommand: [7984e42ab78017e5c4eb02e315b0946e, clickElement {id=f.4598CF6F32D657154B1F15CBD296E1A2.d.2BF5BA5D82EAB966CD49445EBF3CC991.e.295}]\nCapabilities {acceptInsecureCerts: false, browserName: chrome, browserVersion: 133.0.6943.127, chrome: {chromedriverVersion: 133.0.6943.126 (cffa127ce7b..., userDataDir: C:\\Users\\291495\\AppData\\Loc...}, fedcm:accounts: true, goog:chromeOptions: {debuggerAddress: localhost:54367}, networkConnectionEnabled: false, pageLoadStrategy: normal, platformName: windows, proxy: Proxy(), se:cdp: ws://localhost:54367/devtoo..., se:cdpVersion: 133.0.6943.127, setWindowRect: true, strictFileInteractability: false, timeouts: {implicit: 0, pageLoad: 300000, script: 30000}, unhandledPromptBehavior: dismiss and notify, webauthn:extension:credBlob: true, webauthn:extension:largeBlob: true, webauthn:extension:minPinLength: true, webauthn:extension:prf: true, webauthn:virtualAuthenticators: true}\nElement: [[ChromeDriver: chrome on windows (7984e42ab78017e5c4eb02e315b0946e)] -> xpath: (//a[contains(@class,'card-information__text')])[1]]\nSession ID: 7984e42ab78017e5c4eb02e315b0946e\r\n\tat java.base/jdk.internal.reflect.DirectConstructorHandleAccessor.newInstance(DirectConstructorHandleAccessor.java:62)\r\n\tat java.base/java.lang.reflect.Constructor.newInstanceWithCaller(Constructor.java:502)\r\n\tat java.base/java.lang.reflect.Constructor.newInstance(Constructor.java:486)\r\n\tat org.openqa.selenium.remote.codec.w3c.W3CHttpResponseCodec.createException(W3CHttpResponseCodec.java:200)\r\n\tat org.openqa.selenium.remote.codec.w3c.W3CHttpResponseCodec.decode(W3CHttpResponseCodec.java:133)\r\n\tat org.openqa.selenium.remote.codec.w3c.W3CHttpResponseCodec.decode(W3CHttpResponseCodec.java:52)\r\n\tat org.openqa.selenium.remote.HttpCommandExecutor.execute(HttpCommandExecutor.java:191)\r\n\tat org.openqa.selenium.remote.service.DriverCommandExecutor.invokeExecute(DriverCommandExecutor.java:196)\r\n\tat org.openqa.selenium.remote.service.DriverCommandExecutor.execute(DriverCommandExecutor.java:171)\r\n\tat org.openqa.selenium.remote.RemoteWebDriver.execute(RemoteWebDriver.java:602)\r\n\tat org.openqa.selenium.remote.RemoteWebElement.execute(RemoteWebElement.java:224)\r\n\tat org.openqa.selenium.remote.RemoteWebElement.click(RemoteWebElement.java:77)\r\n\tat java.base/jdk.internal.reflect.DirectMethodHandleAccessor.invoke(DirectMethodHandleAccessor.java:103)\r\n\tat java.base/java.lang.reflect.Method.invoke(Method.java:580)\r\n\tat org.openqa.selenium.support.pagefactory.internal.LocatingElementHandler.invoke(LocatingElementHandler.java:51)\r\n\tat jdk.proxy2/jdk.proxy2.$Proxy27.click(Unknown Source)\r\n\tat com.automation.pages.web.WebSelectedProductPage.clickFirstProduct(WebSelectedProductPage.java:71)\r\n\tat com.automation.steps.SelectedProductSteps.userClickTheFirstProduct(SelectedProductSteps.java:24)\r\n\tat ✽.user click the first product(file:///C:/Users/291495/Desktop/RoyalBrothersAutomationFrameWork/src/test/resources/features/RBStore.feature:14)\r\n"},"stage":"finished","steps":[],"attachments":[],"parameters":[],"start":1740504430531,"stop":1740504432223},{"name":"Then verify if the product \"first.prod.name\" page is displayed","status":"skipped","statusDetails":{"known":false,"muted":false,"flaky":false},"stage":"finished","steps":[],"attachments":[],"parameters":[],"start":1740504432223,"stop":1740504432223},{"name":"When user clicks add to cart","status":"skipped","statusDetails":{"known":false,"muted":false,"flaky":false},"stage":"finished","steps":[],"attachments":[],"parameters":[],"start":1740504432223,"stop":1740504432223},{"name":"Then verify if the cart drawer is displayed","status":"skipped","statusDetails":{"known":false,"muted":false,"flaky":false},"stage":"finished","steps":[],"attachments":[],"parameters":[],"start":1740504432223,"stop":1740504432223},{"name":"And verify if the added product \"first.prod.name\" is displayed","status":"skipped","statusDetails":{"known":false,"muted":false,"flaky":false},"stage":"finished","steps":[],"attachments":[],"parameters":[],"start":1740504432239,"stop":1740504432240},{"name":"When user closes the cart drawer","status":"skipped","statusDetails":{"known":false,"muted":false,"flaky":false},"stage":"finished","steps":[],"attachments":[],"parameters":[],"start":1740504432241,"stop":1740504432241},{"name":"And user click the second product","status":"skipped","statusDetails":{"known":false,"muted":false,"flaky":false},"stage":"finished","steps":[],"attachments":[],"parameters":[],"start":1740504432241,"stop":1740504432246},{"name":"Then verify if the product \"second.prod.name\" page is displayed","status":"skipped","statusDetails":{"known":false,"muted":false,"flaky":false},"stage":"finished","steps":[],"attachments":[],"parameters":[],"start":1740504432246,"stop":1740504432246},{"name":"When user clicks add to cart","status":"skipped","statusDetails":{"known":false,"muted":false,"flaky":false},"stage":"finished","steps":[],"attachments":[],"parameters":[],"start":1740504432246,"stop":1740504432246},{"name":"Then verify if the cart drawer is displayed","status":"skipped","statusDetails":{"known":false,"muted":false,"flaky":false},"stage":"finished","steps":[],"attachments":[],"parameters":[],"start":1740504432246,"stop":1740504432246},{"name":"And verify if the added product \"second.prod.name\" is displayed","status":"skipped","statusDetails":{"known":false,"muted":false,"flaky":false},"stage":"finished","steps":[],"attachments":[],"parameters":[],"start":1740504432246,"stop":1740504432246},{"name":"When user click checkout button","status":"skipped","statusDetails":{"known":false,"muted":false,"flaky":false},"stage":"finished","steps":[],"attachments":[],"parameters":[],"start":1740504432246,"stop":1740504432246},{"name":"Then verify the checkout page is displayed","status":"skipped","statusDetails":{"known":false,"muted":false,"flaky":false},"stage":"finished","steps":[],"attachments":[],"parameters":[],"start":1740504432246,"stop":1740504432255},{"name":"And verify the name \"first.prod.name\" and the price \"first.prod.price\" of the product","status":"skipped","statusDetails":{"known":false,"muted":false,"flaky":false},"stage":"finished","steps":[],"attachments":[],"parameters":[],"start":1740504432257,"stop":1740504432257},{"name":"And verify the name \"second.prod.name\" and the price \"second.prod.price\" of the product","status":"skipped","statusDetails":{"known":false,"muted":false,"flaky":false},"stage":"finished","steps":[],"attachments":[],"parameters":[],"start":1740504432257,"stop":1740504432257},{"name":"And verify if the total price is correct","status":"skipped","statusDetails":{"known":false,"muted":false,"flaky":false},"stage":"finished","steps":[],"attachments":[],"parameters":[],"start":1740504432257,"stop":1740504432257}],"attachments":[],"parameters":[],"start":1740504351565,"stop":1740504433495}