{"uuid":"b285dae1-9ef2-495f-a474-32313b386256","historyId":"2f148b3015ba7665b3abcb7f673cf511","testCaseId":"f6a5189286e068c2d829fc703d5acece","fullName":"src/test/resources/features/RBStore.feature:9","labels":[{"name":"tag","value":"web"},{"name":"host","value":"CDG8043"},{"name":"thread","value":"18464@CDG8043.main(1)"},{"name":"feature","value":"Validating RB Store"},{"name":"story","value":"Verify user can buy a product"},{"name":"suite","value":"Validating RB Store"},{"name":"testClass","value":"Verify user can buy a product"},{"name":"framework","value":"cucumber4jvm"},{"name":"language","value":"java"},{"name":"gherkin_uri","value":"file:///C:/Users/291495/Desktop/RoyalBrothersAutomationFrameWork/src/test/resources/features/RBStore.feature"},{"name":"package","value":"src.test.resources.features.RBStore_feature.Validating RB Store"}],"links":[],"name":"Verify user can buy a product","status":"broken","statusDetails":{"known":false,"muted":false,"flaky":false,"message":"element click intercepted: Element <a href=\"/collections/t-shirts/products/exploring-bangalore-oversized-t-shirt\" class=\"card-information__text h4\" tabindex=\"-1\">...</a> is not clickable at point (362, 501). Other element would receive the click: <a href=\"/collections/t-shirts/products/exploring-bangalore-oversized-t-shirt\" class=\"full-unstyled-link\">...</a>\n  (Session info: chrome=133.0.6943.127)\nBuild info: version: '4.13.0', revision: 'ba948ece5b*'\nSystem info: os.name: 'Windows 11', os.arch: 'amd64', os.version: '10.0', java.version: '21.0.2'\nDriver info: org.openqa.selenium.chrome.ChromeDriver\nCommand: [8f4303d455633d0743422e2e8f1ad42c, clickElement {id=f.D2D711C920511FF90C4DB55E28ED0C60.d.26AB8856BB4F559A5E0C604600CB68F9.e.226}]\nCapabilities {acceptInsecureCerts: false, browserName: chrome, browserVersion: 133.0.6943.127, chrome: {chromedriverVersion: 133.0.6943.126 (cffa127ce7b..., userDataDir: C:\\Users\\291495\\AppData\\Loc...}, fedcm:accounts: true, goog:chromeOptions: {debuggerAddress: localhost:57771}, networkConnectionEnabled: false, pageLoadStrategy: normal, platformName: windows, proxy: Proxy(), se:cdp: ws://localhost:57771/devtoo..., se:cdpVersion: 133.0.6943.127, setWindowRect: true, strictFileInteractability: false, timeouts: {implicit: 0, pageLoad: 300000, script: 30000}, unhandledPromptBehavior: dismiss and notify, webauthn:extension:credBlob: true, webauthn:extension:largeBlob: true, webauthn:extension:minPinLength: true, webauthn:extension:prf: true, webauthn:virtualAuthenticators: true}\nElement: [[ChromeDriver: chrome on windows (8f4303d455633d0743422e2e8f1ad42c)] -> xpath: (//a[contains(@class,'card-information__text')])[1]]\nSession ID: 8f4303d455633d0743422e2e8f1ad42c","trace":"org.openqa.selenium.ElementClickInterceptedException: element click intercepted: Element <a href=\"/collections/t-shirts/products/exploring-bangalore-oversized-t-shirt\" class=\"card-information__text h4\" tabindex=\"-1\">...</a> is not clickable at point (362, 501). Other element would receive the click: <a href=\"/collections/t-shirts/products/exploring-bangalore-oversized-t-shirt\" class=\"full-unstyled-link\">...</a>\n  (Session info: chrome=133.0.6943.127)\nBuild info: version: '4.13.0', revision: 'ba948ece5b*'\nSystem info: os.name: 'Windows 11', os.arch: 'amd64', os.version: '10.0', java.version: '21.0.2'\nDriver info: org.openqa.selenium.chrome.ChromeDriver\nCommand: [8f4303d455633d0743422e2e8f1ad42c, clickElement {id=f.D2D711C920511FF90C4DB55E28ED0C60.d.26AB8856BB4F559A5E0C604600CB68F9.e.226}]\nCapabilities {acceptInsecureCerts: false, browserName: chrome, browserVersion: 133.0.6943.127, chrome: {chromedriverVersion: 133.0.6943.126 (cffa127ce7b..., userDataDir: C:\\Users\\291495\\AppData\\Loc...}, fedcm:accounts: true, goog:chromeOptions: {debuggerAddress: localhost:57771}, networkConnectionEnabled: false, pageLoadStrategy: normal, platformName: windows, proxy: Proxy(), se:cdp: ws://localhost:57771/devtoo..., se:cdpVersion: 133.0.6943.127, setWindowRect: true, strictFileInteractability: false, timeouts: {implicit: 0, pageLoad: 300000, script: 30000}, unhandledPromptBehavior: dismiss and notify, webauthn:extension:credBlob: true, webauthn:extension:largeBlob: true, webauthn:extension:minPinLength: true, webauthn:extension:prf: true, webauthn:virtualAuthenticators: true}\nElement: [[ChromeDriver: chrome on windows (8f4303d455633d0743422e2e8f1ad42c)] -> xpath: (//a[contains(@class,'card-information__text')])[1]]\nSession ID: 8f4303d455633d0743422e2e8f1ad42c\r\n\tat java.base/jdk.internal.reflect.DirectConstructorHandleAccessor.newInstance(DirectConstructorHandleAccessor.java:62)\r\n\tat java.base/java.lang.reflect.Constructor.newInstanceWithCaller(Constructor.java:502)\r\n\tat java.base/java.lang.reflect.Constructor.newInstance(Constructor.java:486)\r\n\tat org.openqa.selenium.remote.codec.w3c.W3CHttpResponseCodec.createException(W3CHttpResponseCodec.java:200)\r\n\tat org.openqa.selenium.remote.codec.w3c.W3CHttpResponseCodec.decode(W3CHttpResponseCodec.java:133)\r\n\tat org.openqa.selenium.remote.codec.w3c.W3CHttpResponseCodec.decode(W3CHttpResponseCodec.java:52)\r\n\tat org.openqa.selenium.remote.HttpCommandExecutor.execute(HttpCommandExecutor.java:191)\r\n\tat org.openqa.selenium.remote.service.DriverCommandExecutor.invokeExecute(DriverCommandExecutor.java:196)\r\n\tat org.openqa.selenium.remote.service.DriverCommandExecutor.execute(DriverCommandExecutor.java:171)\r\n\tat org.openqa.selenium.remote.RemoteWebDriver.execute(RemoteWebDriver.java:602)\r\n\tat org.openqa.selenium.remote.RemoteWebElement.execute(RemoteWebElement.java:224)\r\n\tat org.openqa.selenium.remote.RemoteWebElement.click(RemoteWebElement.java:77)\r\n\tat java.base/jdk.internal.reflect.DirectMethodHandleAccessor.invoke(DirectMethodHandleAccessor.java:103)\r\n\tat java.base/java.lang.reflect.Method.invoke(Method.java:580)\r\n\tat org.openqa.selenium.support.pagefactory.internal.LocatingElementHandler.invoke(LocatingElementHandler.java:51)\r\n\tat jdk.proxy2/jdk.proxy2.$Proxy27.click(Unknown Source)\r\n\tat com.automation.pages.web.WebSelectedProductPage.clickFirstProduct(WebSelectedProductPage.java:71)\r\n\tat com.automation.steps.SelectedProductSteps.userClickTheFirstProduct(SelectedProductSteps.java:24)\r\n\tat ✽.user click the first product(file:///C:/Users/291495/Desktop/RoyalBrothersAutomationFrameWork/src/test/resources/features/RBStore.feature:14)\r\n"},"stage":"finished","steps":[{"name":"Given user opens website or application","status":"passed","statusDetails":{"known":false,"muted":false,"flaky":false},"stage":"finished","steps":[],"attachments":[],"parameters":[],"start":1740505199900,"stop":1740505202844},{"name":"And user enters the location as \"booking.city\"","status":"passed","statusDetails":{"known":false,"muted":false,"flaky":false},"stage":"finished","steps":[],"attachments":[],"parameters":[],"start":1740505202844,"stop":1740505208459},{"name":"Then verify user is on the home page","status":"passed","statusDetails":{"known":false,"muted":false,"flaky":false},"stage":"finished","steps":[],"attachments":[],"parameters":[],"start":1740505208459,"stop":1740505208530},{"name":"When user navigates to RB products page","status":"passed","statusDetails":{"known":false,"muted":false,"flaky":false},"stage":"finished","steps":[],"attachments":[],"parameters":[],"start":1740505208530,"stop":1740505212522},{"name":"Then verify the RB products page is displayed","status":"passed","statusDetails":{"known":false,"muted":false,"flaky":false},"stage":"finished","steps":[],"attachments":[],"parameters":[],"start":1740505212523,"stop":1740505215490},{"name":"When user selects the product \"T-Shirts\"","status":"passed","statusDetails":{"known":false,"muted":false,"flaky":false},"stage":"finished","steps":[],"attachments":[],"parameters":[],"start":1740505215490,"stop":1740505220429},{"name":"Then verify the product \"T-Shirts\" store page is displayed","status":"passed","statusDetails":{"known":false,"muted":false,"flaky":false},"stage":"finished","steps":[],"attachments":[],"parameters":[],"start":1740505220430,"stop":1740505220512},{"name":"When user click the first product","status":"broken","statusDetails":{"known":false,"muted":false,"flaky":false,"message":"element click intercepted: Element <a href=\"/collections/t-shirts/products/exploring-bangalore-oversized-t-shirt\" class=\"card-information__text h4\" tabindex=\"-1\">...</a> is not clickable at point (362, 501). Other element would receive the click: <a href=\"/collections/t-shirts/products/exploring-bangalore-oversized-t-shirt\" class=\"full-unstyled-link\">...</a>\n  (Session info: chrome=133.0.6943.127)\nBuild info: version: '4.13.0', revision: 'ba948ece5b*'\nSystem info: os.name: 'Windows 11', os.arch: 'amd64', os.version: '10.0', java.version: '21.0.2'\nDriver info: org.openqa.selenium.chrome.ChromeDriver\nCommand: [8f4303d455633d0743422e2e8f1ad42c, clickElement {id=f.D2D711C920511FF90C4DB55E28ED0C60.d.26AB8856BB4F559A5E0C604600CB68F9.e.226}]\nCapabilities {acceptInsecureCerts: false, browserName: chrome, browserVersion: 133.0.6943.127, chrome: {chromedriverVersion: 133.0.6943.126 (cffa127ce7b..., userDataDir: C:\\Users\\291495\\AppData\\Loc...}, fedcm:accounts: true, goog:chromeOptions: {debuggerAddress: localhost:57771}, networkConnectionEnabled: false, pageLoadStrategy: normal, platformName: windows, proxy: Proxy(), se:cdp: ws://localhost:57771/devtoo..., se:cdpVersion: 133.0.6943.127, setWindowRect: true, strictFileInteractability: false, timeouts: {implicit: 0, pageLoad: 300000, script: 30000}, unhandledPromptBehavior: dismiss and notify, webauthn:extension:credBlob: true, webauthn:extension:largeBlob: true, webauthn:extension:minPinLength: true, webauthn:extension:prf: true, webauthn:virtualAuthenticators: true}\nElement: [[ChromeDriver: chrome on windows (8f4303d455633d0743422e2e8f1ad42c)] -> xpath: (//a[contains(@class,'card-information__text')])[1]]\nSession ID: 8f4303d455633d0743422e2e8f1ad42c","trace":"org.openqa.selenium.ElementClickInterceptedException: element click intercepted: Element <a href=\"/collections/t-shirts/products/exploring-bangalore-oversized-t-shirt\" class=\"card-information__text h4\" tabindex=\"-1\">...</a> is not clickable at point (362, 501). Other element would receive the click: <a href=\"/collections/t-shirts/products/exploring-bangalore-oversized-t-shirt\" class=\"full-unstyled-link\">...</a>\n  (Session info: chrome=133.0.6943.127)\nBuild info: version: '4.13.0', revision: 'ba948ece5b*'\nSystem info: os.name: 'Windows 11', os.arch: 'amd64', os.version: '10.0', java.version: '21.0.2'\nDriver info: org.openqa.selenium.chrome.ChromeDriver\nCommand: [8f4303d455633d0743422e2e8f1ad42c, clickElement {id=f.D2D711C920511FF90C4DB55E28ED0C60.d.26AB8856BB4F559A5E0C604600CB68F9.e.226}]\nCapabilities {acceptInsecureCerts: false, browserName: chrome, browserVersion: 133.0.6943.127, chrome: {chromedriverVersion: 133.0.6943.126 (cffa127ce7b..., userDataDir: C:\\Users\\291495\\AppData\\Loc...}, fedcm:accounts: true, goog:chromeOptions: {debuggerAddress: localhost:57771}, networkConnectionEnabled: false, pageLoadStrategy: normal, platformName: windows, proxy: Proxy(), se:cdp: ws://localhost:57771/devtoo..., se:cdpVersion: 133.0.6943.127, setWindowRect: true, strictFileInteractability: false, timeouts: {implicit: 0, pageLoad: 300000, script: 30000}, unhandledPromptBehavior: dismiss and notify, webauthn:extension:credBlob: true, webauthn:extension:largeBlob: true, webauthn:extension:minPinLength: true, webauthn:extension:prf: true, webauthn:virtualAuthenticators: true}\nElement: [[ChromeDriver: chrome on windows (8f4303d455633d0743422e2e8f1ad42c)] -> xpath: (//a[contains(@class,'card-information__text')])[1]]\nSession ID: 8f4303d455633d0743422e2e8f1ad42c\r\n\tat java.base/jdk.internal.reflect.DirectConstructorHandleAccessor.newInstance(DirectConstructorHandleAccessor.java:62)\r\n\tat java.base/java.lang.reflect.Constructor.newInstanceWithCaller(Constructor.java:502)\r\n\tat java.base/java.lang.reflect.Constructor.newInstance(Constructor.java:486)\r\n\tat org.openqa.selenium.remote.codec.w3c.W3CHttpResponseCodec.createException(W3CHttpResponseCodec.java:200)\r\n\tat org.openqa.selenium.remote.codec.w3c.W3CHttpResponseCodec.decode(W3CHttpResponseCodec.java:133)\r\n\tat org.openqa.selenium.remote.codec.w3c.W3CHttpResponseCodec.decode(W3CHttpResponseCodec.java:52)\r\n\tat org.openqa.selenium.remote.HttpCommandExecutor.execute(HttpCommandExecutor.java:191)\r\n\tat org.openqa.selenium.remote.service.DriverCommandExecutor.invokeExecute(DriverCommandExecutor.java:196)\r\n\tat org.openqa.selenium.remote.service.DriverCommandExecutor.execute(DriverCommandExecutor.java:171)\r\n\tat org.openqa.selenium.remote.RemoteWebDriver.execute(RemoteWebDriver.java:602)\r\n\tat org.openqa.selenium.remote.RemoteWebElement.execute(RemoteWebElement.java:224)\r\n\tat org.openqa.selenium.remote.RemoteWebElement.click(RemoteWebElement.java:77)\r\n\tat java.base/jdk.internal.reflect.DirectMethodHandleAccessor.invoke(DirectMethodHandleAccessor.java:103)\r\n\tat java.base/java.lang.reflect.Method.invoke(Method.java:580)\r\n\tat org.openqa.selenium.support.pagefactory.internal.LocatingElementHandler.invoke(LocatingElementHandler.java:51)\r\n\tat jdk.proxy2/jdk.proxy2.$Proxy27.click(Unknown Source)\r\n\tat com.automation.pages.web.WebSelectedProductPage.clickFirstProduct(WebSelectedProductPage.java:71)\r\n\tat com.automation.steps.SelectedProductSteps.userClickTheFirstProduct(SelectedProductSteps.java:24)\r\n\tat ✽.user click the first product(file:///C:/Users/291495/Desktop/RoyalBrothersAutomationFrameWork/src/test/resources/features/RBStore.feature:14)\r\n"},"stage":"finished","steps":[],"attachments":[],"parameters":[],"start":1740505220513,"stop":1740505222119},{"name":"Then verify if the product \"first.prod.name\" page is displayed","status":"skipped","statusDetails":{"known":false,"muted":false,"flaky":false},"stage":"finished","steps":[],"attachments":[],"parameters":[],"start":1740505222127,"stop":1740505222130},{"name":"When user clicks add to cart","status":"skipped","statusDetails":{"known":false,"muted":false,"flaky":false},"stage":"finished","steps":[],"attachments":[],"parameters":[],"start":1740505222132,"stop":1740505222132},{"name":"Then verify if the cart drawer is displayed","status":"skipped","statusDetails":{"known":false,"muted":false,"flaky":false},"stage":"finished","steps":[],"attachments":[],"parameters":[],"start":1740505222132,"stop":1740505222134},{"name":"And verify if the added product \"first.prod.name\" is displayed","status":"skipped","statusDetails":{"known":false,"muted":false,"flaky":false},"stage":"finished","steps":[],"attachments":[],"parameters":[],"start":1740505222134,"stop":1740505222134},{"name":"When user closes the cart drawer","status":"skipped","statusDetails":{"known":false,"muted":false,"flaky":false},"stage":"finished","steps":[],"attachments":[],"parameters":[],"start":1740505222134,"stop":1740505222136},{"name":"And user click the second product","status":"skipped","statusDetails":{"known":false,"muted":false,"flaky":false},"stage":"finished","steps":[],"attachments":[],"parameters":[],"start":1740505222136,"stop":1740505222136},{"name":"Then verify if the product \"second.prod.name\" page is displayed","status":"skipped","statusDetails":{"known":false,"muted":false,"flaky":false},"stage":"finished","steps":[],"attachments":[],"parameters":[],"start":1740505222136,"stop":1740505222136},{"name":"When user clicks add to cart","status":"skipped","statusDetails":{"known":false,"muted":false,"flaky":false},"stage":"finished","steps":[],"attachments":[],"parameters":[],"start":1740505222136,"stop":1740505222136},{"name":"Then verify if the cart drawer is displayed","status":"skipped","statusDetails":{"known":false,"muted":false,"flaky":false},"stage":"finished","steps":[],"attachments":[],"parameters":[],"start":1740505222140,"stop":1740505222141},{"name":"And verify if the added product \"second.prod.name\" is displayed","status":"skipped","statusDetails":{"known":false,"muted":false,"flaky":false},"stage":"finished","steps":[],"attachments":[],"parameters":[],"start":1740505222141,"stop":1740505222141},{"name":"When user click checkout button","status":"skipped","statusDetails":{"known":false,"muted":false,"flaky":false},"stage":"finished","steps":[],"attachments":[],"parameters":[],"start":1740505222141,"stop":1740505222141},{"name":"Then verify the checkout page is displayed","status":"skipped","statusDetails":{"known":false,"muted":false,"flaky":false},"stage":"finished","steps":[],"attachments":[],"parameters":[],"start":1740505222141,"stop":1740505222141},{"name":"And verify the name \"first.prod.name\" and the price \"first.prod.price\" of the product","status":"skipped","statusDetails":{"known":false,"muted":false,"flaky":false},"stage":"finished","steps":[],"attachments":[],"parameters":[],"start":1740505222141,"stop":1740505222145},{"name":"And verify the name \"second.prod.name\" and the price \"second.prod.price\" of the product","status":"skipped","statusDetails":{"known":false,"muted":false,"flaky":false},"stage":"finished","steps":[],"attachments":[],"parameters":[],"start":1740505222145,"stop":1740505222145},{"name":"And verify if the total price is correct","status":"skipped","statusDetails":{"known":false,"muted":false,"flaky":false},"stage":"finished","steps":[],"attachments":[],"parameters":[],"start":1740505222145,"stop":1740505222145}],"attachments":[],"parameters":[],"start":1740505196730,"stop":1740505223181}