{"uuid":"d5358c83-e25b-4e01-9d65-5b1db9be19bb","historyId":"1cf43da2ccde93c0e6761ddb518cd3d4","testCaseId":"d5cd5cf59cbc139b245e268a41e32984","fullName":"src/test/resources/features/AccountCreationAndDeletion.feature:40","labels":[{"name":"tag","value":"web"},{"name":"host","value":"CDG8043"},{"name":"thread","value":"17988@CDG8043.main(1)"},{"name":"feature","value":"Validate account creation and deletion functionality"},{"name":"story","value":"User can create account successfully in web"},{"name":"suite","value":"Validate account creation and deletion functionality"},{"name":"testClass","value":"User can create account successfully in web"},{"name":"framework","value":"cucumber4jvm"},{"name":"language","value":"java"},{"name":"gherkin_uri","value":"file:///C:/Users/291495/Desktop/RoyalBrothersAutomationFrameWork/src/test/resources/features/AccountCreationAndDeletion.feature"},{"name":"package","value":"src.test.resources.features.AccountCreationAndDeletion_feature.Validate account creation and deletion functionality"}],"links":[],"name":"User can create account successfully in web","status":"broken","statusDetails":{"known":false,"muted":false,"flaky":false,"message":"element click intercepted: Element <button name=\"button\" type=\"submit\" class=\"waves-effect waves-light btn col l6 m6 s12 black-text signupButton\">...</button> is not clickable at point (631, 511). Other element would receive the click: <div style=\"z-index: 2000000000; position: relative; width: 339px; height: 519px; overflow-y: auto;\">...</div>\n  (Session info: chrome=133.0.6943.127)\nBuild info: version: '4.13.0', revision: 'ba948ece5b*'\nSystem info: os.name: 'Windows 11', os.arch: 'amd64', os.version: '10.0', java.version: '21.0.2'\nDriver info: org.openqa.selenium.chrome.ChromeDriver\nCommand: [84f76a479a43e86aeee2f5320c46b6b2, clickElement {id=f.B8FE9EBCC335EC8C01D9C99AB210BF21.d.8B9F7B29D903D1474E1B247D6BCDD099.e.103}]\nCapabilities {acceptInsecureCerts: false, browserName: chrome, browserVersion: 133.0.6943.127, chrome: {chromedriverVersion: 133.0.6943.126 (cffa127ce7b..., userDataDir: C:\\Users\\291495\\AppData\\Loc...}, fedcm:accounts: true, goog:chromeOptions: {debuggerAddress: localhost:51613}, networkConnectionEnabled: false, pageLoadStrategy: normal, platformName: windows, proxy: Proxy(), se:cdp: ws://localhost:51613/devtoo..., se:cdpVersion: 133.0.6943.127, setWindowRect: true, strictFileInteractability: false, timeouts: {implicit: 0, pageLoad: 300000, script: 30000}, unhandledPromptBehavior: dismiss and notify, webauthn:extension:credBlob: true, webauthn:extension:largeBlob: true, webauthn:extension:minPinLength: true, webauthn:extension:prf: true, webauthn:virtualAuthenticators: true}\nElement: [[ChromeDriver: chrome on windows (84f76a479a43e86aeee2f5320c46b6b2)] -> xpath: //button[text()=\"Sign Up\"]]\nSession ID: 84f76a479a43e86aeee2f5320c46b6b2","trace":"org.openqa.selenium.ElementClickInterceptedException: element click intercepted: Element <button name=\"button\" type=\"submit\" class=\"waves-effect waves-light btn col l6 m6 s12 black-text signupButton\">...</button> is not clickable at point (631, 511). Other element would receive the click: <div style=\"z-index: 2000000000; position: relative; width: 339px; height: 519px; overflow-y: auto;\">...</div>\n  (Session info: chrome=133.0.6943.127)\nBuild info: version: '4.13.0', revision: 'ba948ece5b*'\nSystem info: os.name: 'Windows 11', os.arch: 'amd64', os.version: '10.0', java.version: '21.0.2'\nDriver info: org.openqa.selenium.chrome.ChromeDriver\nCommand: [84f76a479a43e86aeee2f5320c46b6b2, clickElement {id=f.B8FE9EBCC335EC8C01D9C99AB210BF21.d.8B9F7B29D903D1474E1B247D6BCDD099.e.103}]\nCapabilities {acceptInsecureCerts: false, browserName: chrome, browserVersion: 133.0.6943.127, chrome: {chromedriverVersion: 133.0.6943.126 (cffa127ce7b..., userDataDir: C:\\Users\\291495\\AppData\\Loc...}, fedcm:accounts: true, goog:chromeOptions: {debuggerAddress: localhost:51613}, networkConnectionEnabled: false, pageLoadStrategy: normal, platformName: windows, proxy: Proxy(), se:cdp: ws://localhost:51613/devtoo..., se:cdpVersion: 133.0.6943.127, setWindowRect: true, strictFileInteractability: false, timeouts: {implicit: 0, pageLoad: 300000, script: 30000}, unhandledPromptBehavior: dismiss and notify, webauthn:extension:credBlob: true, webauthn:extension:largeBlob: true, webauthn:extension:minPinLength: true, webauthn:extension:prf: true, webauthn:virtualAuthenticators: true}\nElement: [[ChromeDriver: chrome on windows (84f76a479a43e86aeee2f5320c46b6b2)] -> xpath: //button[text()=\"Sign Up\"]]\nSession ID: 84f76a479a43e86aeee2f5320c46b6b2\r\n\tat java.base/jdk.internal.reflect.DirectConstructorHandleAccessor.newInstance(DirectConstructorHandleAccessor.java:62)\r\n\tat java.base/java.lang.reflect.Constructor.newInstanceWithCaller(Constructor.java:502)\r\n\tat java.base/java.lang.reflect.Constructor.newInstance(Constructor.java:486)\r\n\tat org.openqa.selenium.remote.codec.w3c.W3CHttpResponseCodec.createException(W3CHttpResponseCodec.java:200)\r\n\tat org.openqa.selenium.remote.codec.w3c.W3CHttpResponseCodec.decode(W3CHttpResponseCodec.java:133)\r\n\tat org.openqa.selenium.remote.codec.w3c.W3CHttpResponseCodec.decode(W3CHttpResponseCodec.java:52)\r\n\tat org.openqa.selenium.remote.HttpCommandExecutor.execute(HttpCommandExecutor.java:191)\r\n\tat org.openqa.selenium.remote.service.DriverCommandExecutor.invokeExecute(DriverCommandExecutor.java:196)\r\n\tat org.openqa.selenium.remote.service.DriverCommandExecutor.execute(DriverCommandExecutor.java:171)\r\n\tat org.openqa.selenium.remote.RemoteWebDriver.execute(RemoteWebDriver.java:602)\r\n\tat org.openqa.selenium.remote.RemoteWebElement.execute(RemoteWebElement.java:224)\r\n\tat org.openqa.selenium.remote.RemoteWebElement.click(RemoteWebElement.java:77)\r\n\tat java.base/jdk.internal.reflect.DirectMethodHandleAccessor.invoke(DirectMethodHandleAccessor.java:103)\r\n\tat java.base/java.lang.reflect.Method.invoke(Method.java:580)\r\n\tat org.openqa.selenium.support.pagefactory.internal.LocatingElementHandler.invoke(LocatingElementHandler.java:51)\r\n\tat jdk.proxy2/jdk.proxy2.$Proxy27.click(Unknown Source)\r\n\tat com.automation.pages.web.WebLoginPage.signUpWithDetails(WebLoginPage.java:96)\r\n\tat com.automation.steps.LoginSteps.userEntersDetailsAndAndClicksSignUp(LoginSteps.java:32)\r\n\tat ✽.user enters details \"profile.username\" , \"email.address\" , \"profile.password\" and \"phone.number\" and clicks Sign Up(file:///C:/Users/291495/Desktop/RoyalBrothersAutomationFrameWork/src/test/resources/features/AccountCreationAndDeletion.feature:43)\r\n"},"stage":"finished","steps":[{"name":"Given user opens website or application","status":"passed","statusDetails":{"known":false,"muted":false,"flaky":false},"stage":"finished","steps":[],"attachments":[],"parameters":[],"start":1740217682840,"stop":1740217685316},{"name":"And user enters the location as \"booking.city\"","status":"passed","statusDetails":{"known":false,"muted":false,"flaky":false},"stage":"finished","steps":[],"attachments":[],"parameters":[],"start":1740217685317,"stop":1740217688832},{"name":"Then verify user is on the home page","status":"passed","statusDetails":{"known":false,"muted":false,"flaky":false},"stage":"finished","steps":[],"attachments":[],"parameters":[],"start":1740217688833,"stop":1740217688949},{"name":"When user clicks on \"Sign up\" button","status":"passed","statusDetails":{"known":false,"muted":false,"flaky":false},"stage":"finished","steps":[],"attachments":[],"parameters":[],"start":1740217688966,"stop":1740217693485},{"name":"Then verify user is on login page","status":"passed","statusDetails":{"known":false,"muted":false,"flaky":false},"stage":"finished","steps":[],"attachments":[],"parameters":[],"start":1740217693487,"stop":1740217693584},{"name":"When user enters details \"profile.username\" , \"email.address\" , \"profile.password\" and \"phone.number\" and clicks Sign Up","status":"broken","statusDetails":{"known":false,"muted":false,"flaky":false,"message":"element click intercepted: Element <button name=\"button\" type=\"submit\" class=\"waves-effect waves-light btn col l6 m6 s12 black-text signupButton\">...</button> is not clickable at point (631, 511). Other element would receive the click: <div style=\"z-index: 2000000000; position: relative; width: 339px; height: 519px; overflow-y: auto;\">...</div>\n  (Session info: chrome=133.0.6943.127)\nBuild info: version: '4.13.0', revision: 'ba948ece5b*'\nSystem info: os.name: 'Windows 11', os.arch: 'amd64', os.version: '10.0', java.version: '21.0.2'\nDriver info: org.openqa.selenium.chrome.ChromeDriver\nCommand: [84f76a479a43e86aeee2f5320c46b6b2, clickElement {id=f.B8FE9EBCC335EC8C01D9C99AB210BF21.d.8B9F7B29D903D1474E1B247D6BCDD099.e.103}]\nCapabilities {acceptInsecureCerts: false, browserName: chrome, browserVersion: 133.0.6943.127, chrome: {chromedriverVersion: 133.0.6943.126 (cffa127ce7b..., userDataDir: C:\\Users\\291495\\AppData\\Loc...}, fedcm:accounts: true, goog:chromeOptions: {debuggerAddress: localhost:51613}, networkConnectionEnabled: false, pageLoadStrategy: normal, platformName: windows, proxy: Proxy(), se:cdp: ws://localhost:51613/devtoo..., se:cdpVersion: 133.0.6943.127, setWindowRect: true, strictFileInteractability: false, timeouts: {implicit: 0, pageLoad: 300000, script: 30000}, unhandledPromptBehavior: dismiss and notify, webauthn:extension:credBlob: true, webauthn:extension:largeBlob: true, webauthn:extension:minPinLength: true, webauthn:extension:prf: true, webauthn:virtualAuthenticators: true}\nElement: [[ChromeDriver: chrome on windows (84f76a479a43e86aeee2f5320c46b6b2)] -> xpath: //button[text()=\"Sign Up\"]]\nSession ID: 84f76a479a43e86aeee2f5320c46b6b2","trace":"org.openqa.selenium.ElementClickInterceptedException: element click intercepted: Element <button name=\"button\" type=\"submit\" class=\"waves-effect waves-light btn col l6 m6 s12 black-text signupButton\">...</button> is not clickable at point (631, 511). Other element would receive the click: <div style=\"z-index: 2000000000; position: relative; width: 339px; height: 519px; overflow-y: auto;\">...</div>\n  (Session info: chrome=133.0.6943.127)\nBuild info: version: '4.13.0', revision: 'ba948ece5b*'\nSystem info: os.name: 'Windows 11', os.arch: 'amd64', os.version: '10.0', java.version: '21.0.2'\nDriver info: org.openqa.selenium.chrome.ChromeDriver\nCommand: [84f76a479a43e86aeee2f5320c46b6b2, clickElement {id=f.B8FE9EBCC335EC8C01D9C99AB210BF21.d.8B9F7B29D903D1474E1B247D6BCDD099.e.103}]\nCapabilities {acceptInsecureCerts: false, browserName: chrome, browserVersion: 133.0.6943.127, chrome: {chromedriverVersion: 133.0.6943.126 (cffa127ce7b..., userDataDir: C:\\Users\\291495\\AppData\\Loc...}, fedcm:accounts: true, goog:chromeOptions: {debuggerAddress: localhost:51613}, networkConnectionEnabled: false, pageLoadStrategy: normal, platformName: windows, proxy: Proxy(), se:cdp: ws://localhost:51613/devtoo..., se:cdpVersion: 133.0.6943.127, setWindowRect: true, strictFileInteractability: false, timeouts: {implicit: 0, pageLoad: 300000, script: 30000}, unhandledPromptBehavior: dismiss and notify, webauthn:extension:credBlob: true, webauthn:extension:largeBlob: true, webauthn:extension:minPinLength: true, webauthn:extension:prf: true, webauthn:virtualAuthenticators: true}\nElement: [[ChromeDriver: chrome on windows (84f76a479a43e86aeee2f5320c46b6b2)] -> xpath: //button[text()=\"Sign Up\"]]\nSession ID: 84f76a479a43e86aeee2f5320c46b6b2\r\n\tat java.base/jdk.internal.reflect.DirectConstructorHandleAccessor.newInstance(DirectConstructorHandleAccessor.java:62)\r\n\tat java.base/java.lang.reflect.Constructor.newInstanceWithCaller(Constructor.java:502)\r\n\tat java.base/java.lang.reflect.Constructor.newInstance(Constructor.java:486)\r\n\tat org.openqa.selenium.remote.codec.w3c.W3CHttpResponseCodec.createException(W3CHttpResponseCodec.java:200)\r\n\tat org.openqa.selenium.remote.codec.w3c.W3CHttpResponseCodec.decode(W3CHttpResponseCodec.java:133)\r\n\tat org.openqa.selenium.remote.codec.w3c.W3CHttpResponseCodec.decode(W3CHttpResponseCodec.java:52)\r\n\tat org.openqa.selenium.remote.HttpCommandExecutor.execute(HttpCommandExecutor.java:191)\r\n\tat org.openqa.selenium.remote.service.DriverCommandExecutor.invokeExecute(DriverCommandExecutor.java:196)\r\n\tat org.openqa.selenium.remote.service.DriverCommandExecutor.execute(DriverCommandExecutor.java:171)\r\n\tat org.openqa.selenium.remote.RemoteWebDriver.execute(RemoteWebDriver.java:602)\r\n\tat org.openqa.selenium.remote.RemoteWebElement.execute(RemoteWebElement.java:224)\r\n\tat org.openqa.selenium.remote.RemoteWebElement.click(RemoteWebElement.java:77)\r\n\tat java.base/jdk.internal.reflect.DirectMethodHandleAccessor.invoke(DirectMethodHandleAccessor.java:103)\r\n\tat java.base/java.lang.reflect.Method.invoke(Method.java:580)\r\n\tat org.openqa.selenium.support.pagefactory.internal.LocatingElementHandler.invoke(LocatingElementHandler.java:51)\r\n\tat jdk.proxy2/jdk.proxy2.$Proxy27.click(Unknown Source)\r\n\tat com.automation.pages.web.WebLoginPage.signUpWithDetails(WebLoginPage.java:96)\r\n\tat com.automation.steps.LoginSteps.userEntersDetailsAndAndClicksSignUp(LoginSteps.java:32)\r\n\tat ✽.user enters details \"profile.username\" , \"email.address\" , \"profile.password\" and \"phone.number\" and clicks Sign Up(file:///C:/Users/291495/Desktop/RoyalBrothersAutomationFrameWork/src/test/resources/features/AccountCreationAndDeletion.feature:43)\r\n"},"stage":"finished","steps":[],"attachments":[],"parameters":[],"start":1740217693584,"stop":1740217756785},{"name":"Then verify the account verification page is displayed","status":"skipped","statusDetails":{"known":false,"muted":false,"flaky":false},"stage":"finished","steps":[],"attachments":[],"parameters":[],"start":1740217756789,"stop":1740217756791},{"name":"When user enters the otp and clicks submit","status":"skipped","statusDetails":{"known":false,"muted":false,"flaky":false},"stage":"finished","steps":[],"attachments":[],"parameters":[],"start":1740217756791,"stop":1740217756793},{"name":"And user enters the location as \"booking.city\"","status":"skipped","statusDetails":{"known":false,"muted":false,"flaky":false},"stage":"finished","steps":[],"attachments":[],"parameters":[],"start":1740217756793,"stop":1740217756795},{"name":"Then verify user is on the home page","status":"skipped","statusDetails":{"known":false,"muted":false,"flaky":false},"stage":"finished","steps":[],"attachments":[],"parameters":[],"start":1740217756795,"stop":1740217756795},{"name":"And verify username is displayed in profile section","status":"skipped","statusDetails":{"known":false,"muted":false,"flaky":false},"stage":"finished","steps":[],"attachments":[],"parameters":[],"start":1740217756797,"stop":1740217756797}],"attachments":[],"parameters":[],"start":1740217678501,"stop":1740217757900}