{"uuid":"f83a09d2-daa2-4331-9c3d-de20142f63da","historyId":"be77b0127f127dbc2399a7bbc53d9214","testCaseId":"7a1ca5ab79abf52369468edd064dcc60","fullName":"src/test/resources/features/ProfileAndAccountManagement.feature:9","labels":[{"name":"tag","value":"web"},{"name":"host","value":"CDG8043"},{"name":"thread","value":"14404@CDG8043.main(1)"},{"name":"feature","value":"Profile and Account Management"},{"name":"story","value":"Verify user can successfully edit the email in web"},{"name":"suite","value":"Profile and Account Management"},{"name":"testClass","value":"Verify user can successfully edit the email in web"},{"name":"framework","value":"cucumber4jvm"},{"name":"language","value":"java"},{"name":"gherkin_uri","value":"file:///C:/Users/291495/Desktop/RoyalBrothersAutomationFrameWork/src/test/resources/features/ProfileAndAccountManagement.feature"},{"name":"package","value":"src.test.resources.features.ProfileAndAccountManagement_feature.Profile and Account Management"}],"links":[],"name":"Verify user can successfully edit the email in web","status":"broken","statusDetails":{"known":false,"muted":false,"flaky":false,"message":"element click intercepted: Element <button style=\"margin-top:0rem;border:none;font-weight:600;background-color:#f2f2f2;margin-bottom:30px\">...</button> is not clickable at point (631, 511). Other element would receive the click: <iframe title=\"recaptcha challenge expires in two minutes\" name=\"c-60vdcwakpor5\" frameborder=\"0\" scrolling=\"no\" sandbox=\"allow-forms allow-popups allow-same-origin allow-scripts allow-top-navigation allow-modals allow-popups-to-escape-sandbox allow-storage-access-by-user-activation\" src=\"https://www.google.com/recaptcha/api2/bframe?hl=en&amp;v=IyZ984yGrXrBd6ihLOYGwy9X&amp;k=6Lf2CekUAAAAADC06LrERhN55ufLBnsAoXZCT5z5\" style=\"width: 339px; height: 519px;\"></iframe>\n  (Session info: chrome=133.0.6943.127)\nBuild info: version: '4.13.0', revision: 'ba948ece5b*'\nSystem info: os.name: 'Windows 11', os.arch: 'amd64', os.version: '10.0', java.version: '21.0.2'\nDriver info: org.openqa.selenium.chrome.ChromeDriver\nCommand: [104842c7e591af32527265496dae0387, clickElement {id=f.1D57D9C7DBB595FA12885193D0231DFF.d.9FBB3BEC371129DC9661A5BEB533131E.e.109}]\nCapabilities {acceptInsecureCerts: false, browserName: chrome, browserVersion: 133.0.6943.127, chrome: {chromedriverVersion: 133.0.6943.126 (cffa127ce7b..., userDataDir: C:\\Users\\291495\\AppData\\Loc...}, fedcm:accounts: true, goog:chromeOptions: {debuggerAddress: localhost:53276}, networkConnectionEnabled: false, pageLoadStrategy: normal, platformName: windows, proxy: Proxy(), se:cdp: ws://localhost:53276/devtoo..., se:cdpVersion: 133.0.6943.127, setWindowRect: true, strictFileInteractability: false, timeouts: {implicit: 0, pageLoad: 300000, script: 30000}, unhandledPromptBehavior: dismiss and notify, webauthn:extension:credBlob: true, webauthn:extension:largeBlob: true, webauthn:extension:minPinLength: true, webauthn:extension:prf: true, webauthn:virtualAuthenticators: true}\nElement: [[ChromeDriver: chrome on windows (104842c7e591af32527265496dae0387)] -> xpath: //button[text()='Login with OTP']]\nSession ID: 104842c7e591af32527265496dae0387","trace":"org.openqa.selenium.ElementClickInterceptedException: element click intercepted: Element <button style=\"margin-top:0rem;border:none;font-weight:600;background-color:#f2f2f2;margin-bottom:30px\">...</button> is not clickable at point (631, 511). Other element would receive the click: <iframe title=\"recaptcha challenge expires in two minutes\" name=\"c-60vdcwakpor5\" frameborder=\"0\" scrolling=\"no\" sandbox=\"allow-forms allow-popups allow-same-origin allow-scripts allow-top-navigation allow-modals allow-popups-to-escape-sandbox allow-storage-access-by-user-activation\" src=\"https://www.google.com/recaptcha/api2/bframe?hl=en&amp;v=IyZ984yGrXrBd6ihLOYGwy9X&amp;k=6Lf2CekUAAAAADC06LrERhN55ufLBnsAoXZCT5z5\" style=\"width: 339px; height: 519px;\"></iframe>\n  (Session info: chrome=133.0.6943.127)\nBuild info: version: '4.13.0', revision: 'ba948ece5b*'\nSystem info: os.name: 'Windows 11', os.arch: 'amd64', os.version: '10.0', java.version: '21.0.2'\nDriver info: org.openqa.selenium.chrome.ChromeDriver\nCommand: [104842c7e591af32527265496dae0387, clickElement {id=f.1D57D9C7DBB595FA12885193D0231DFF.d.9FBB3BEC371129DC9661A5BEB533131E.e.109}]\nCapabilities {acceptInsecureCerts: false, browserName: chrome, browserVersion: 133.0.6943.127, chrome: {chromedriverVersion: 133.0.6943.126 (cffa127ce7b..., userDataDir: C:\\Users\\291495\\AppData\\Loc...}, fedcm:accounts: true, goog:chromeOptions: {debuggerAddress: localhost:53276}, networkConnectionEnabled: false, pageLoadStrategy: normal, platformName: windows, proxy: Proxy(), se:cdp: ws://localhost:53276/devtoo..., se:cdpVersion: 133.0.6943.127, setWindowRect: true, strictFileInteractability: false, timeouts: {implicit: 0, pageLoad: 300000, script: 30000}, unhandledPromptBehavior: dismiss and notify, webauthn:extension:credBlob: true, webauthn:extension:largeBlob: true, webauthn:extension:minPinLength: true, webauthn:extension:prf: true, webauthn:virtualAuthenticators: true}\nElement: [[ChromeDriver: chrome on windows (104842c7e591af32527265496dae0387)] -> xpath: //button[text()='Login with OTP']]\nSession ID: 104842c7e591af32527265496dae0387\r\n\tat java.base/jdk.internal.reflect.DirectConstructorHandleAccessor.newInstance(DirectConstructorHandleAccessor.java:62)\r\n\tat java.base/java.lang.reflect.Constructor.newInstanceWithCaller(Constructor.java:502)\r\n\tat java.base/java.lang.reflect.Constructor.newInstance(Constructor.java:486)\r\n\tat org.openqa.selenium.remote.codec.w3c.W3CHttpResponseCodec.createException(W3CHttpResponseCodec.java:200)\r\n\tat org.openqa.selenium.remote.codec.w3c.W3CHttpResponseCodec.decode(W3CHttpResponseCodec.java:133)\r\n\tat org.openqa.selenium.remote.codec.w3c.W3CHttpResponseCodec.decode(W3CHttpResponseCodec.java:52)\r\n\tat org.openqa.selenium.remote.HttpCommandExecutor.execute(HttpCommandExecutor.java:191)\r\n\tat org.openqa.selenium.remote.service.DriverCommandExecutor.invokeExecute(DriverCommandExecutor.java:196)\r\n\tat org.openqa.selenium.remote.service.DriverCommandExecutor.execute(DriverCommandExecutor.java:171)\r\n\tat org.openqa.selenium.remote.RemoteWebDriver.execute(RemoteWebDriver.java:602)\r\n\tat org.openqa.selenium.remote.RemoteWebElement.execute(RemoteWebElement.java:224)\r\n\tat org.openqa.selenium.remote.RemoteWebElement.click(RemoteWebElement.java:77)\r\n\tat java.base/jdk.internal.reflect.DirectMethodHandleAccessor.invoke(DirectMethodHandleAccessor.java:103)\r\n\tat java.base/java.lang.reflect.Method.invoke(Method.java:580)\r\n\tat org.openqa.selenium.support.pagefactory.internal.LocatingElementHandler.invoke(LocatingElementHandler.java:51)\r\n\tat jdk.proxy2/jdk.proxy2.$Proxy27.click(Unknown Source)\r\n\tat com.automation.pages.web.WebLoginPage.enterNumber(WebLoginPage.java:77)\r\n\tat com.automation.steps.LoginSteps.userEntersTheMobileNumberAndClicksGetOtp(LoginSteps.java:17)\r\n\tat ✽.user enters the mobile number \"phone.number\" and clicks get otp(file:///C:/Users/291495/Desktop/RoyalBrothersAutomationFrameWork/src/test/resources/features/ProfileAndAccountManagement.feature:12)\r\n"},"stage":"finished","steps":[{"name":"Given user opens website or application","status":"passed","statusDetails":{"known":false,"muted":false,"flaky":false},"stage":"finished","steps":[],"attachments":[],"parameters":[],"start":1740218978516,"stop":1740218981100},{"name":"And user enters the location as \"booking.city\"","status":"passed","statusDetails":{"known":false,"muted":false,"flaky":false},"stage":"finished","steps":[],"attachments":[],"parameters":[],"start":1740218981101,"stop":1740218984616},{"name":"Then verify user is on the home page","status":"passed","statusDetails":{"known":false,"muted":false,"flaky":false},"stage":"finished","steps":[],"attachments":[],"parameters":[],"start":1740218984617,"stop":1740218984744},{"name":"When user clicks on \"Login\" button","status":"passed","statusDetails":{"known":false,"muted":false,"flaky":false},"stage":"finished","steps":[],"attachments":[],"parameters":[],"start":1740218984745,"stop":1740218988837},{"name":"Then verify user is on login page","status":"passed","statusDetails":{"known":false,"muted":false,"flaky":false},"stage":"finished","steps":[],"attachments":[],"parameters":[],"start":1740218988839,"stop":1740218988994},{"name":"When user enters the mobile number \"phone.number\" and clicks get otp","status":"broken","statusDetails":{"known":false,"muted":false,"flaky":false,"message":"element click intercepted: Element <button style=\"margin-top:0rem;border:none;font-weight:600;background-color:#f2f2f2;margin-bottom:30px\">...</button> is not clickable at point (631, 511). Other element would receive the click: <iframe title=\"recaptcha challenge expires in two minutes\" name=\"c-60vdcwakpor5\" frameborder=\"0\" scrolling=\"no\" sandbox=\"allow-forms allow-popups allow-same-origin allow-scripts allow-top-navigation allow-modals allow-popups-to-escape-sandbox allow-storage-access-by-user-activation\" src=\"https://www.google.com/recaptcha/api2/bframe?hl=en&amp;v=IyZ984yGrXrBd6ihLOYGwy9X&amp;k=6Lf2CekUAAAAADC06LrERhN55ufLBnsAoXZCT5z5\" style=\"width: 339px; height: 519px;\"></iframe>\n  (Session info: chrome=133.0.6943.127)\nBuild info: version: '4.13.0', revision: 'ba948ece5b*'\nSystem info: os.name: 'Windows 11', os.arch: 'amd64', os.version: '10.0', java.version: '21.0.2'\nDriver info: org.openqa.selenium.chrome.ChromeDriver\nCommand: [104842c7e591af32527265496dae0387, clickElement {id=f.1D57D9C7DBB595FA12885193D0231DFF.d.9FBB3BEC371129DC9661A5BEB533131E.e.109}]\nCapabilities {acceptInsecureCerts: false, browserName: chrome, browserVersion: 133.0.6943.127, chrome: {chromedriverVersion: 133.0.6943.126 (cffa127ce7b..., userDataDir: C:\\Users\\291495\\AppData\\Loc...}, fedcm:accounts: true, goog:chromeOptions: {debuggerAddress: localhost:53276}, networkConnectionEnabled: false, pageLoadStrategy: normal, platformName: windows, proxy: Proxy(), se:cdp: ws://localhost:53276/devtoo..., se:cdpVersion: 133.0.6943.127, setWindowRect: true, strictFileInteractability: false, timeouts: {implicit: 0, pageLoad: 300000, script: 30000}, unhandledPromptBehavior: dismiss and notify, webauthn:extension:credBlob: true, webauthn:extension:largeBlob: true, webauthn:extension:minPinLength: true, webauthn:extension:prf: true, webauthn:virtualAuthenticators: true}\nElement: [[ChromeDriver: chrome on windows (104842c7e591af32527265496dae0387)] -> xpath: //button[text()='Login with OTP']]\nSession ID: 104842c7e591af32527265496dae0387","trace":"org.openqa.selenium.ElementClickInterceptedException: element click intercepted: Element <button style=\"margin-top:0rem;border:none;font-weight:600;background-color:#f2f2f2;margin-bottom:30px\">...</button> is not clickable at point (631, 511). Other element would receive the click: <iframe title=\"recaptcha challenge expires in two minutes\" name=\"c-60vdcwakpor5\" frameborder=\"0\" scrolling=\"no\" sandbox=\"allow-forms allow-popups allow-same-origin allow-scripts allow-top-navigation allow-modals allow-popups-to-escape-sandbox allow-storage-access-by-user-activation\" src=\"https://www.google.com/recaptcha/api2/bframe?hl=en&amp;v=IyZ984yGrXrBd6ihLOYGwy9X&amp;k=6Lf2CekUAAAAADC06LrERhN55ufLBnsAoXZCT5z5\" style=\"width: 339px; height: 519px;\"></iframe>\n  (Session info: chrome=133.0.6943.127)\nBuild info: version: '4.13.0', revision: 'ba948ece5b*'\nSystem info: os.name: 'Windows 11', os.arch: 'amd64', os.version: '10.0', java.version: '21.0.2'\nDriver info: org.openqa.selenium.chrome.ChromeDriver\nCommand: [104842c7e591af32527265496dae0387, clickElement {id=f.1D57D9C7DBB595FA12885193D0231DFF.d.9FBB3BEC371129DC9661A5BEB533131E.e.109}]\nCapabilities {acceptInsecureCerts: false, browserName: chrome, browserVersion: 133.0.6943.127, chrome: {chromedriverVersion: 133.0.6943.126 (cffa127ce7b..., userDataDir: C:\\Users\\291495\\AppData\\Loc...}, fedcm:accounts: true, goog:chromeOptions: {debuggerAddress: localhost:53276}, networkConnectionEnabled: false, pageLoadStrategy: normal, platformName: windows, proxy: Proxy(), se:cdp: ws://localhost:53276/devtoo..., se:cdpVersion: 133.0.6943.127, setWindowRect: true, strictFileInteractability: false, timeouts: {implicit: 0, pageLoad: 300000, script: 30000}, unhandledPromptBehavior: dismiss and notify, webauthn:extension:credBlob: true, webauthn:extension:largeBlob: true, webauthn:extension:minPinLength: true, webauthn:extension:prf: true, webauthn:virtualAuthenticators: true}\nElement: [[ChromeDriver: chrome on windows (104842c7e591af32527265496dae0387)] -> xpath: //button[text()='Login with OTP']]\nSession ID: 104842c7e591af32527265496dae0387\r\n\tat java.base/jdk.internal.reflect.DirectConstructorHandleAccessor.newInstance(DirectConstructorHandleAccessor.java:62)\r\n\tat java.base/java.lang.reflect.Constructor.newInstanceWithCaller(Constructor.java:502)\r\n\tat java.base/java.lang.reflect.Constructor.newInstance(Constructor.java:486)\r\n\tat org.openqa.selenium.remote.codec.w3c.W3CHttpResponseCodec.createException(W3CHttpResponseCodec.java:200)\r\n\tat org.openqa.selenium.remote.codec.w3c.W3CHttpResponseCodec.decode(W3CHttpResponseCodec.java:133)\r\n\tat org.openqa.selenium.remote.codec.w3c.W3CHttpResponseCodec.decode(W3CHttpResponseCodec.java:52)\r\n\tat org.openqa.selenium.remote.HttpCommandExecutor.execute(HttpCommandExecutor.java:191)\r\n\tat org.openqa.selenium.remote.service.DriverCommandExecutor.invokeExecute(DriverCommandExecutor.java:196)\r\n\tat org.openqa.selenium.remote.service.DriverCommandExecutor.execute(DriverCommandExecutor.java:171)\r\n\tat org.openqa.selenium.remote.RemoteWebDriver.execute(RemoteWebDriver.java:602)\r\n\tat org.openqa.selenium.remote.RemoteWebElement.execute(RemoteWebElement.java:224)\r\n\tat org.openqa.selenium.remote.RemoteWebElement.click(RemoteWebElement.java:77)\r\n\tat java.base/jdk.internal.reflect.DirectMethodHandleAccessor.invoke(DirectMethodHandleAccessor.java:103)\r\n\tat java.base/java.lang.reflect.Method.invoke(Method.java:580)\r\n\tat org.openqa.selenium.support.pagefactory.internal.LocatingElementHandler.invoke(LocatingElementHandler.java:51)\r\n\tat jdk.proxy2/jdk.proxy2.$Proxy27.click(Unknown Source)\r\n\tat com.automation.pages.web.WebLoginPage.enterNumber(WebLoginPage.java:77)\r\n\tat com.automation.steps.LoginSteps.userEntersTheMobileNumberAndClicksGetOtp(LoginSteps.java:17)\r\n\tat ✽.user enters the mobile number \"phone.number\" and clicks get otp(file:///C:/Users/291495/Desktop/RoyalBrothersAutomationFrameWork/src/test/resources/features/ProfileAndAccountManagement.feature:12)\r\n"},"stage":"finished","steps":[],"attachments":[],"parameters":[],"start":1740218988994,"stop":1740219051308},{"name":"Then verify the otp page is displayed","status":"skipped","statusDetails":{"known":false,"muted":false,"flaky":false},"stage":"finished","steps":[],"attachments":[],"parameters":[],"start":1740219051310,"stop":1740219051310},{"name":"When user enters the otp and clicks submit","status":"skipped","statusDetails":{"known":false,"muted":false,"flaky":false},"stage":"finished","steps":[],"attachments":[],"parameters":[],"start":1740219051310,"stop":1740219051310},{"name":"And user enters the location as \"booking.city\"","status":"skipped","statusDetails":{"known":false,"muted":false,"flaky":false},"stage":"finished","steps":[],"attachments":[],"parameters":[],"start":1740219051310,"stop":1740219051310},{"name":"Then verify user is on the home page","status":"skipped","statusDetails":{"known":false,"muted":false,"flaky":false},"stage":"finished","steps":[],"attachments":[],"parameters":[],"start":1740219051310,"stop":1740219051310},{"name":"When user clicks on view profile button","status":"skipped","statusDetails":{"known":false,"muted":false,"flaky":false},"stage":"finished","steps":[],"attachments":[],"parameters":[],"start":1740219051315,"stop":1740219051315},{"name":"Then verify the profile page is displayed","status":"skipped","statusDetails":{"known":false,"muted":false,"flaky":false},"stage":"finished","steps":[],"attachments":[],"parameters":[],"start":1740219051315,"stop":1740219051315},{"name":"When user clicks on the edit icon of email section","status":"skipped","statusDetails":{"known":false,"muted":false,"flaky":false},"stage":"finished","steps":[],"attachments":[],"parameters":[],"start":1740219051315,"stop":1740219051315},{"name":"And user enters the email address \"email.address\" and saves it","status":"skipped","statusDetails":{"known":false,"muted":false,"flaky":false},"stage":"finished","steps":[],"attachments":[],"parameters":[],"start":1740219051315,"stop":1740219051315},{"name":"Then verify the success message is displayed","status":"skipped","statusDetails":{"known":false,"muted":false,"flaky":false},"stage":"finished","steps":[],"attachments":[],"parameters":[],"start":1740219051315,"stop":1740219051315},{"name":"And verify the email box contains the updated mail address \"email.address\"","status":"skipped","statusDetails":{"known":false,"muted":false,"flaky":false},"stage":"finished","steps":[],"attachments":[],"parameters":[],"start":1740219051315,"stop":1740219051315}],"attachments":[],"parameters":[],"start":1740218975416,"stop":1740219052383}