{"uuid":"37806a1a-f888-4490-8974-bd930e1dbfba","historyId":"34d09462709b949c658dc074eb99f1be","testCaseId":"c5506f43fe7daffbb52108760998acec","fullName":"src/test/resources/features/AccountCreationAndDeletion.feature:9","labels":[{"name":"tag","value":"android"},{"name":"host","value":"FWGG1J3"},{"name":"thread","value":"19764@FWGG1J3.main(1)"},{"name":"feature","value":"Validate account creation and deletion functionality"},{"name":"story","value":"User can delete account successfully"},{"name":"suite","value":"Validate account creation and deletion functionality"},{"name":"testClass","value":"User can delete account successfully"},{"name":"framework","value":"cucumber4jvm"},{"name":"language","value":"java"},{"name":"gherkin_uri","value":"file:///C:/Users/291501/Documents/Projects/RoyalBrothersAutomationFramework/src/test/resources/features/AccountCreationAndDeletion.feature"},{"name":"package","value":"src.test.resources.features.AccountCreationAndDeletion_feature.Validate account creation and deletion functionality"}],"links":[],"name":"User can delete account successfully","status":"broken","statusDetails":{"known":false,"muted":false,"flaky":false,"message":"The element 'By.xpath: //android.view.ViewGroup[@content-desc='SUBMIT']' does not exist in DOM anymore\nFor documentation on this error, please visit: https://www.selenium.dev/documentation/webdriver/troubleshooting/errors#stale-element-reference-exception\nBuild info: version: '4.13.0', revision: 'ba948ece5b*'\nSystem info: os.name: 'Windows 11', os.arch: 'amd64', os.version: '10.0', java.version: '21.0.2'\nDriver info: io.appium.java_client.android.AndroidDriver\nCommand: [20b19ce1-5a9b-4fd3-b5a4-4dcb3e620ba2, isElementDisplayed {id=00000000-0000-13cc-ffff-ffff00000299}]\nCapabilities {appium:app: src/test/resources/apk/Roya..., appium:appActivity: com.royalbrothers.MainActivity, appium:appPackage: com.royalbrothers, appium:autoGrantPermissions: true, appium:automationName: UiAutomator2, appium:databaseEnabled: false, appium:desired: {app: src/test/resources/apk/Roya..., appActivity: com.royalbrothers.MainActivity, appPackage: com.royalbrothers, autoGrantPermissions: true, automationName: UiAutomator2, deviceName: b9b4cf91, platformName: ANDROID, unlockKey: 74123698, unlockType: pattern}, appium:deviceApiLevel: 33, appium:deviceManufacturer: samsung, appium:deviceModel: SM-G781B, appium:deviceName: RZCT80JC5ZA, appium:deviceScreenDensity: 480, appium:deviceScreenSize: 1080x2400, appium:deviceUDID: RZCT80JC5ZA, appium:javascriptEnabled: true, appium:locationContextEnabled: false, appium:networkConnectionEnabled: true, appium:pixelRatio: 3, appium:platformVersion: 13, appium:statBarHeight: 88, appium:takesScreenshot: true, appium:unlockKey: 74123698, appium:unlockType: pattern, appium:viewportRect: {height: 2312, left: 0, top: 88, width: 1080}, appium:warnings: {}, appium:webStorageEnabled: false, platformName: ANDROID}\nElement: [[AndroidDriver:  on ANDROID (20b19ce1-5a9b-4fd3-b5a4-4dcb3e620ba2)] -> xpath: //android.view.ViewGroup[@content-desc='SUBMIT']]\nSession ID: 20b19ce1-5a9b-4fd3-b5a4-4dcb3e620ba2","trace":"org.openqa.selenium.StaleElementReferenceException: The element 'By.xpath: //android.view.ViewGroup[@content-desc='SUBMIT']' does not exist in DOM anymore\nFor documentation on this error, please visit: https://www.selenium.dev/documentation/webdriver/troubleshooting/errors#stale-element-reference-exception\nBuild info: version: '4.13.0', revision: 'ba948ece5b*'\nSystem info: os.name: 'Windows 11', os.arch: 'amd64', os.version: '10.0', java.version: '21.0.2'\nDriver info: io.appium.java_client.android.AndroidDriver\nCommand: [20b19ce1-5a9b-4fd3-b5a4-4dcb3e620ba2, isElementDisplayed {id=00000000-0000-13cc-ffff-ffff00000299}]\nCapabilities {appium:app: src/test/resources/apk/Roya..., appium:appActivity: com.royalbrothers.MainActivity, appium:appPackage: com.royalbrothers, appium:autoGrantPermissions: true, appium:automationName: UiAutomator2, appium:databaseEnabled: false, appium:desired: {app: src/test/resources/apk/Roya..., appActivity: com.royalbrothers.MainActivity, appPackage: com.royalbrothers, autoGrantPermissions: true, automationName: UiAutomator2, deviceName: b9b4cf91, platformName: ANDROID, unlockKey: 74123698, unlockType: pattern}, appium:deviceApiLevel: 33, appium:deviceManufacturer: samsung, appium:deviceModel: SM-G781B, appium:deviceName: RZCT80JC5ZA, appium:deviceScreenDensity: 480, appium:deviceScreenSize: 1080x2400, appium:deviceUDID: RZCT80JC5ZA, appium:javascriptEnabled: true, appium:locationContextEnabled: false, appium:networkConnectionEnabled: true, appium:pixelRatio: 3, appium:platformVersion: 13, appium:statBarHeight: 88, appium:takesScreenshot: true, appium:unlockKey: 74123698, appium:unlockType: pattern, appium:viewportRect: {height: 2312, left: 0, top: 88, width: 1080}, appium:warnings: {}, appium:webStorageEnabled: false, platformName: ANDROID}\nElement: [[AndroidDriver:  on ANDROID (20b19ce1-5a9b-4fd3-b5a4-4dcb3e620ba2)] -> xpath: //android.view.ViewGroup[@content-desc='SUBMIT']]\nSession ID: 20b19ce1-5a9b-4fd3-b5a4-4dcb3e620ba2\r\n\tat java.base/jdk.internal.reflect.DirectConstructorHandleAccessor.newInstance(DirectConstructorHandleAccessor.java:62)\r\n\tat java.base/java.lang.reflect.Constructor.newInstanceWithCaller(Constructor.java:502)\r\n\tat java.base/java.lang.reflect.Constructor.newInstance(Constructor.java:486)\r\n\tat org.openqa.selenium.remote.codec.w3c.W3CHttpResponseCodec.createException(W3CHttpResponseCodec.java:200)\r\n\tat org.openqa.selenium.remote.codec.w3c.W3CHttpResponseCodec.decode(W3CHttpResponseCodec.java:133)\r\n\tat org.openqa.selenium.remote.codec.w3c.W3CHttpResponseCodec.decode(W3CHttpResponseCodec.java:52)\r\n\tat org.openqa.selenium.remote.HttpCommandExecutor.execute(HttpCommandExecutor.java:191)\r\n\tat io.appium.java_client.remote.AppiumCommandExecutor.execute(AppiumCommandExecutor.java:250)\r\n\tat org.openqa.selenium.remote.RemoteWebDriver.execute(RemoteWebDriver.java:602)\r\n\tat org.openqa.selenium.remote.RemoteWebElement.execute(RemoteWebElement.java:224)\r\n\tat org.openqa.selenium.remote.RemoteWebElement.isDisplayed(RemoteWebElement.java:283)\r\n\tat java.base/jdk.internal.reflect.DirectMethodHandleAccessor.invoke(DirectMethodHandleAccessor.java:103)\r\n\tat java.base/java.lang.reflect.Method.invoke(Method.java:580)\r\n\tat org.openqa.selenium.support.pagefactory.internal.LocatingElementHandler.invoke(LocatingElementHandler.java:51)\r\n\tat jdk.proxy2/jdk.proxy2.$Proxy27.isDisplayed(Unknown Source)\r\n\tat org.openqa.selenium.support.ui.ExpectedConditions.elementIfVisible(ExpectedConditions.java:304)\r\n\tat org.openqa.selenium.support.ui.ExpectedConditions.access$000(ExpectedConditions.java:37)\r\n\tat org.openqa.selenium.support.ui.ExpectedConditions$10.apply(ExpectedConditions.java:290)\r\n\tat org.openqa.selenium.support.ui.ExpectedConditions$10.apply(ExpectedConditions.java:287)\r\n\tat org.openqa.selenium.support.ui.ExpectedConditions$23.apply(ExpectedConditions.java:656)\r\n\tat org.openqa.selenium.support.ui.ExpectedConditions$23.apply(ExpectedConditions.java:652)\r\n\tat org.openqa.selenium.support.ui.FluentWait.until(FluentWait.java:205)\r\n\tat com.automation.pages.common.BasePage.waitUntilClickable(BasePage.java:76)\r\n\tat com.automation.pages.android.AndroidOtpSubmissionPage.clickSubmit(AndroidOtpSubmissionPage.java:26)\r\n\tat com.automation.steps.OtpSubmissionSteps.userEntersTheOtpAndClicksSubmit(OtpSubmissionSteps.java:17)\r\n\tat ✽.user enters the otp and clicks submit(file:///C:/Users/291501/Documents/Projects/RoyalBrothersAutomationFramework/src/test/resources/features/AccountCreationAndDeletion.feature:15)\r\n"},"stage":"finished","steps":[{"name":"Given user opens website or application","status":"passed","statusDetails":{"known":false,"muted":false,"flaky":false},"stage":"finished","steps":[],"attachments":[],"parameters":[],"start":1740476192688,"stop":1740476206069},{"name":"And user enters the location as \"booking.city\"","status":"passed","statusDetails":{"known":false,"muted":false,"flaky":false},"stage":"finished","steps":[],"attachments":[],"parameters":[],"start":1740476206069,"stop":1740476208381},{"name":"Then verify user is on the home page","status":"passed","statusDetails":{"known":false,"muted":false,"flaky":false},"stage":"finished","steps":[],"attachments":[],"parameters":[],"start":1740476208381,"stop":1740476232288},{"name":"When user navigates to menu page","status":"passed","statusDetails":{"known":false,"muted":false,"flaky":false},"stage":"finished","steps":[],"attachments":[],"parameters":[],"start":1740476232288,"stop":1740476232607},{"name":"And user clicks on \"Login\" button","status":"passed","statusDetails":{"known":false,"muted":false,"flaky":false},"stage":"finished","steps":[],"attachments":[],"parameters":[],"start":1740476232607,"stop":1740476233317},{"name":"Then verify user is on login page","status":"passed","statusDetails":{"known":false,"muted":false,"flaky":false},"stage":"finished","steps":[],"attachments":[],"parameters":[],"start":1740476233317,"stop":1740476233975},{"name":"When user enters the mobile number \"phone.number\" and clicks get otp","status":"passed","statusDetails":{"known":false,"muted":false,"flaky":false},"stage":"finished","steps":[],"attachments":[],"parameters":[],"start":1740476233975,"stop":1740476235375},{"name":"Then verify the otp page is displayed","status":"passed","statusDetails":{"known":false,"muted":false,"flaky":false},"stage":"finished","steps":[],"attachments":[],"parameters":[],"start":1740476235375,"stop":1740476240593},{"name":"When user enters the otp and clicks submit","status":"broken","statusDetails":{"known":false,"muted":false,"flaky":false,"message":"The element 'By.xpath: //android.view.ViewGroup[@content-desc='SUBMIT']' does not exist in DOM anymore\nFor documentation on this error, please visit: https://www.selenium.dev/documentation/webdriver/troubleshooting/errors#stale-element-reference-exception\nBuild info: version: '4.13.0', revision: 'ba948ece5b*'\nSystem info: os.name: 'Windows 11', os.arch: 'amd64', os.version: '10.0', java.version: '21.0.2'\nDriver info: io.appium.java_client.android.AndroidDriver\nCommand: [20b19ce1-5a9b-4fd3-b5a4-4dcb3e620ba2, isElementDisplayed {id=00000000-0000-13cc-ffff-ffff00000299}]\nCapabilities {appium:app: src/test/resources/apk/Roya..., appium:appActivity: com.royalbrothers.MainActivity, appium:appPackage: com.royalbrothers, appium:autoGrantPermissions: true, appium:automationName: UiAutomator2, appium:databaseEnabled: false, appium:desired: {app: src/test/resources/apk/Roya..., appActivity: com.royalbrothers.MainActivity, appPackage: com.royalbrothers, autoGrantPermissions: true, automationName: UiAutomator2, deviceName: b9b4cf91, platformName: ANDROID, unlockKey: 74123698, unlockType: pattern}, appium:deviceApiLevel: 33, appium:deviceManufacturer: samsung, appium:deviceModel: SM-G781B, appium:deviceName: RZCT80JC5ZA, appium:deviceScreenDensity: 480, appium:deviceScreenSize: 1080x2400, appium:deviceUDID: RZCT80JC5ZA, appium:javascriptEnabled: true, appium:locationContextEnabled: false, appium:networkConnectionEnabled: true, appium:pixelRatio: 3, appium:platformVersion: 13, appium:statBarHeight: 88, appium:takesScreenshot: true, appium:unlockKey: 74123698, appium:unlockType: pattern, appium:viewportRect: {height: 2312, left: 0, top: 88, width: 1080}, appium:warnings: {}, appium:webStorageEnabled: false, platformName: ANDROID}\nElement: [[AndroidDriver:  on ANDROID (20b19ce1-5a9b-4fd3-b5a4-4dcb3e620ba2)] -> xpath: //android.view.ViewGroup[@content-desc='SUBMIT']]\nSession ID: 20b19ce1-5a9b-4fd3-b5a4-4dcb3e620ba2","trace":"org.openqa.selenium.StaleElementReferenceException: The element 'By.xpath: //android.view.ViewGroup[@content-desc='SUBMIT']' does not exist in DOM anymore\nFor documentation on this error, please visit: https://www.selenium.dev/documentation/webdriver/troubleshooting/errors#stale-element-reference-exception\nBuild info: version: '4.13.0', revision: 'ba948ece5b*'\nSystem info: os.name: 'Windows 11', os.arch: 'amd64', os.version: '10.0', java.version: '21.0.2'\nDriver info: io.appium.java_client.android.AndroidDriver\nCommand: [20b19ce1-5a9b-4fd3-b5a4-4dcb3e620ba2, isElementDisplayed {id=00000000-0000-13cc-ffff-ffff00000299}]\nCapabilities {appium:app: src/test/resources/apk/Roya..., appium:appActivity: com.royalbrothers.MainActivity, appium:appPackage: com.royalbrothers, appium:autoGrantPermissions: true, appium:automationName: UiAutomator2, appium:databaseEnabled: false, appium:desired: {app: src/test/resources/apk/Roya..., appActivity: com.royalbrothers.MainActivity, appPackage: com.royalbrothers, autoGrantPermissions: true, automationName: UiAutomator2, deviceName: b9b4cf91, platformName: ANDROID, unlockKey: 74123698, unlockType: pattern}, appium:deviceApiLevel: 33, appium:deviceManufacturer: samsung, appium:deviceModel: SM-G781B, appium:deviceName: RZCT80JC5ZA, appium:deviceScreenDensity: 480, appium:deviceScreenSize: 1080x2400, appium:deviceUDID: RZCT80JC5ZA, appium:javascriptEnabled: true, appium:locationContextEnabled: false, appium:networkConnectionEnabled: true, appium:pixelRatio: 3, appium:platformVersion: 13, appium:statBarHeight: 88, appium:takesScreenshot: true, appium:unlockKey: 74123698, appium:unlockType: pattern, appium:viewportRect: {height: 2312, left: 0, top: 88, width: 1080}, appium:warnings: {}, appium:webStorageEnabled: false, platformName: ANDROID}\nElement: [[AndroidDriver:  on ANDROID (20b19ce1-5a9b-4fd3-b5a4-4dcb3e620ba2)] -> xpath: //android.view.ViewGroup[@content-desc='SUBMIT']]\nSession ID: 20b19ce1-5a9b-4fd3-b5a4-4dcb3e620ba2\r\n\tat java.base/jdk.internal.reflect.DirectConstructorHandleAccessor.newInstance(DirectConstructorHandleAccessor.java:62)\r\n\tat java.base/java.lang.reflect.Constructor.newInstanceWithCaller(Constructor.java:502)\r\n\tat java.base/java.lang.reflect.Constructor.newInstance(Constructor.java:486)\r\n\tat org.openqa.selenium.remote.codec.w3c.W3CHttpResponseCodec.createException(W3CHttpResponseCodec.java:200)\r\n\tat org.openqa.selenium.remote.codec.w3c.W3CHttpResponseCodec.decode(W3CHttpResponseCodec.java:133)\r\n\tat org.openqa.selenium.remote.codec.w3c.W3CHttpResponseCodec.decode(W3CHttpResponseCodec.java:52)\r\n\tat org.openqa.selenium.remote.HttpCommandExecutor.execute(HttpCommandExecutor.java:191)\r\n\tat io.appium.java_client.remote.AppiumCommandExecutor.execute(AppiumCommandExecutor.java:250)\r\n\tat org.openqa.selenium.remote.RemoteWebDriver.execute(RemoteWebDriver.java:602)\r\n\tat org.openqa.selenium.remote.RemoteWebElement.execute(RemoteWebElement.java:224)\r\n\tat org.openqa.selenium.remote.RemoteWebElement.isDisplayed(RemoteWebElement.java:283)\r\n\tat java.base/jdk.internal.reflect.DirectMethodHandleAccessor.invoke(DirectMethodHandleAccessor.java:103)\r\n\tat java.base/java.lang.reflect.Method.invoke(Method.java:580)\r\n\tat org.openqa.selenium.support.pagefactory.internal.LocatingElementHandler.invoke(LocatingElementHandler.java:51)\r\n\tat jdk.proxy2/jdk.proxy2.$Proxy27.isDisplayed(Unknown Source)\r\n\tat org.openqa.selenium.support.ui.ExpectedConditions.elementIfVisible(ExpectedConditions.java:304)\r\n\tat org.openqa.selenium.support.ui.ExpectedConditions.access$000(ExpectedConditions.java:37)\r\n\tat org.openqa.selenium.support.ui.ExpectedConditions$10.apply(ExpectedConditions.java:290)\r\n\tat org.openqa.selenium.support.ui.ExpectedConditions$10.apply(ExpectedConditions.java:287)\r\n\tat org.openqa.selenium.support.ui.ExpectedConditions$23.apply(ExpectedConditions.java:656)\r\n\tat org.openqa.selenium.support.ui.ExpectedConditions$23.apply(ExpectedConditions.java:652)\r\n\tat org.openqa.selenium.support.ui.FluentWait.until(FluentWait.java:205)\r\n\tat com.automation.pages.common.BasePage.waitUntilClickable(BasePage.java:76)\r\n\tat com.automation.pages.android.AndroidOtpSubmissionPage.clickSubmit(AndroidOtpSubmissionPage.java:26)\r\n\tat com.automation.steps.OtpSubmissionSteps.userEntersTheOtpAndClicksSubmit(OtpSubmissionSteps.java:17)\r\n\tat ✽.user enters the otp and clicks submit(file:///C:/Users/291501/Documents/Projects/RoyalBrothersAutomationFramework/src/test/resources/features/AccountCreationAndDeletion.feature:15)\r\n"},"stage":"finished","steps":[],"attachments":[],"parameters":[],"start":1740476240593,"stop":1740476250089},{"name":"Then verify user is on the home page","status":"skipped","statusDetails":{"known":false,"muted":false,"flaky":false},"stage":"finished","steps":[],"attachments":[],"parameters":[],"start":1740476250098,"stop":1740476250098},{"name":"When user navigates to menu page","status":"skipped","statusDetails":{"known":false,"muted":false,"flaky":false},"stage":"finished","steps":[],"attachments":[],"parameters":[],"start":1740476250098,"stop":1740476250098},{"name":"Then verify username is displayed in profile section","status":"skipped","statusDetails":{"known":false,"muted":false,"flaky":false},"stage":"finished","steps":[],"attachments":[],"parameters":[],"start":1740476250098,"stop":1740476250101},{"name":"When user clicks on view profile button","status":"skipped","statusDetails":{"known":false,"muted":false,"flaky":false},"stage":"finished","steps":[],"attachments":[],"parameters":[],"start":1740476250101,"stop":1740476250101},{"name":"Then verify the profile page is displayed","status":"skipped","statusDetails":{"known":false,"muted":false,"flaky":false},"stage":"finished","steps":[],"attachments":[],"parameters":[],"start":1740476250101,"stop":1740476250101},{"name":"When user clicks on delete account","status":"skipped","statusDetails":{"known":false,"muted":false,"flaky":false},"stage":"finished","steps":[],"attachments":[],"parameters":[],"start":1740476250101,"stop":1740476250101},{"name":"Then verify account deleted message is displayed","status":"skipped","statusDetails":{"known":false,"muted":false,"flaky":false},"stage":"finished","steps":[],"attachments":[],"parameters":[],"start":1740476250101,"stop":1740476250101}],"attachments":[],"parameters":[],"start":1740476183810,"stop":1740476252140}