{"uuid":"40dacc09-ea14-4c88-91c9-aeb8511ac77b","historyId":"a1cca3c7c9d885fbf464650d9ec9ac30","testCaseId":"7b4ea97968d676356cf2088571757641","fullName":"src/test/resources/features/SearchAndBookingFlow.feature:9","labels":[{"name":"tag","value":"web"},{"name":"tag","value":"android"},{"name":"host","value":"CDG8043"},{"name":"thread","value":"14108@CDG8043.main(1)"},{"name":"feature","value":"Verify an End To End scenario"},{"name":"story","value":"Verify if user can book a bike"},{"name":"suite","value":"Verify an End To End scenario"},{"name":"testClass","value":"Verify if user can book a bike"},{"name":"framework","value":"cucumber4jvm"},{"name":"language","value":"java"},{"name":"gherkin_uri","value":"file:///C:/Users/291495/Desktop/RoyalBrothersAutomationFrameWork/src/test/resources/features/SearchAndBookingFlow.feature"},{"name":"package","value":"src.test.resources.features.SearchAndBookingFlow_feature.Verify an End To End scenario"}],"links":[],"name":"Verify if user can book a bike","status":"broken","statusDetails":{"known":false,"muted":false,"flaky":false,"message":"element click intercepted: Element is not clickable at point (549, 577)\n  (Session info: chrome=133.0.6943.98)\nBuild info: version: '4.13.0', revision: 'ba948ece5b*'\nSystem info: os.name: 'Windows 11', os.arch: 'amd64', os.version: '10.0', java.version: '21.0.2'\nDriver info: org.openqa.selenium.chrome.ChromeDriver\nCommand: [653a4748828587a8edf02c46c8b03764, clickElement {id=f.3264E3024BB528D7A75D8E9A92C2ECBA.d.ACC25CA2DB732511AB56913AA4001C84.e.492}]\nCapabilities {acceptInsecureCerts: false, browserName: chrome, browserVersion: 133.0.6943.98, chrome: {chromedriverVersion: 133.0.6943.98 (da53563ceb66..., userDataDir: C:\\Users\\291495\\AppData\\Loc...}, fedcm:accounts: true, goog:chromeOptions: {debuggerAddress: localhost:50922}, networkConnectionEnabled: false, pageLoadStrategy: normal, platformName: windows, proxy: Proxy(), se:cdp: ws://localhost:50922/devtoo..., se:cdpVersion: 133.0.6943.98, setWindowRect: true, strictFileInteractability: false, timeouts: {implicit: 0, pageLoad: 300000, script: 30000}, unhandledPromptBehavior: dismiss and notify, webauthn:extension:credBlob: true, webauthn:extension:largeBlob: true, webauthn:extension:minPinLength: true, webauthn:extension:prf: true, webauthn:virtualAuthenticators: true}\nElement: [[[[ChromeDriver: chrome on windows (653a4748828587a8edf02c46c8b03764)] -> xpath: (//div[contains(@class,'each_card_form')]//h6)[1]]] -> xpath: ./../following-sibling::div/div/button]\nSession ID: 653a4748828587a8edf02c46c8b03764","trace":"org.openqa.selenium.ElementClickInterceptedException: element click intercepted: Element is not clickable at point (549, 577)\n  (Session info: chrome=133.0.6943.98)\nBuild info: version: '4.13.0', revision: 'ba948ece5b*'\nSystem info: os.name: 'Windows 11', os.arch: 'amd64', os.version: '10.0', java.version: '21.0.2'\nDriver info: org.openqa.selenium.chrome.ChromeDriver\nCommand: [653a4748828587a8edf02c46c8b03764, clickElement {id=f.3264E3024BB528D7A75D8E9A92C2ECBA.d.ACC25CA2DB732511AB56913AA4001C84.e.492}]\nCapabilities {acceptInsecureCerts: false, browserName: chrome, browserVersion: 133.0.6943.98, chrome: {chromedriverVersion: 133.0.6943.98 (da53563ceb66..., userDataDir: C:\\Users\\291495\\AppData\\Loc...}, fedcm:accounts: true, goog:chromeOptions: {debuggerAddress: localhost:50922}, networkConnectionEnabled: false, pageLoadStrategy: normal, platformName: windows, proxy: Proxy(), se:cdp: ws://localhost:50922/devtoo..., se:cdpVersion: 133.0.6943.98, setWindowRect: true, strictFileInteractability: false, timeouts: {implicit: 0, pageLoad: 300000, script: 30000}, unhandledPromptBehavior: dismiss and notify, webauthn:extension:credBlob: true, webauthn:extension:largeBlob: true, webauthn:extension:minPinLength: true, webauthn:extension:prf: true, webauthn:virtualAuthenticators: true}\nElement: [[[[ChromeDriver: chrome on windows (653a4748828587a8edf02c46c8b03764)] -> xpath: (//div[contains(@class,'each_card_form')]//h6)[1]]] -> xpath: ./../following-sibling::div/div/button]\nSession ID: 653a4748828587a8edf02c46c8b03764\r\n\tat java.base/jdk.internal.reflect.DirectConstructorHandleAccessor.newInstance(DirectConstructorHandleAccessor.java:62)\r\n\tat java.base/java.lang.reflect.Constructor.newInstanceWithCaller(Constructor.java:502)\r\n\tat java.base/java.lang.reflect.Constructor.newInstance(Constructor.java:486)\r\n\tat org.openqa.selenium.remote.codec.w3c.W3CHttpResponseCodec.createException(W3CHttpResponseCodec.java:200)\r\n\tat org.openqa.selenium.remote.codec.w3c.W3CHttpResponseCodec.decode(W3CHttpResponseCodec.java:133)\r\n\tat org.openqa.selenium.remote.codec.w3c.W3CHttpResponseCodec.decode(W3CHttpResponseCodec.java:52)\r\n\tat org.openqa.selenium.remote.HttpCommandExecutor.execute(HttpCommandExecutor.java:191)\r\n\tat org.openqa.selenium.remote.service.DriverCommandExecutor.invokeExecute(DriverCommandExecutor.java:196)\r\n\tat org.openqa.selenium.remote.service.DriverCommandExecutor.execute(DriverCommandExecutor.java:171)\r\n\tat org.openqa.selenium.remote.RemoteWebDriver.execute(RemoteWebDriver.java:602)\r\n\tat org.openqa.selenium.remote.RemoteWebElement.execute(RemoteWebElement.java:224)\r\n\tat org.openqa.selenium.remote.RemoteWebElement.click(RemoteWebElement.java:77)\r\n\tat com.automation.pages.web.WebRentalBikesPage.clickBookNow(WebRentalBikesPage.java:43)\r\n\tat com.automation.steps.RentalBikeSteps.clickBookNow(RentalBikeSteps.java:25)\r\n\tat ✽.click book now(file:///C:/Users/291495/Desktop/RoyalBrothersAutomationFrameWork/src/test/resources/features/SearchAndBookingFlow.feature:15)\r\n"},"stage":"finished","steps":[{"name":"Given user opens website or application","status":"passed","statusDetails":{"known":false,"muted":false,"flaky":false},"stage":"finished","steps":[],"attachments":[],"parameters":[],"start":1739725424215,"stop":1739725426870},{"name":"When user enters the location as \"booking.city\"","status":"passed","statusDetails":{"known":false,"muted":false,"flaky":false},"stage":"finished","steps":[],"attachments":[],"parameters":[],"start":1739725426870,"stop":1739725428706},{"name":"Then verify user is on the home page","status":"passed","statusDetails":{"known":false,"muted":false,"flaky":false},"stage":"finished","steps":[],"attachments":[],"parameters":[],"start":1739725428709,"stop":1739725428796},{"name":"When user enters pickUp and dropOff date and time as \"pickUp.date\", \"pickUp.time\",\"dropOff.date\",\"dropOff.time\"","status":"passed","statusDetails":{"known":false,"muted":false,"flaky":false},"stage":"finished","steps":[],"attachments":[],"parameters":[],"start":1739725428796,"stop":1739725430703},{"name":"And clicks the search button","status":"passed","statusDetails":{"known":false,"muted":false,"flaky":false},"stage":"finished","steps":[],"attachments":[],"parameters":[],"start":1739725430706,"stop":1739725433204},{"name":"Then verify the user is on the rental bikes page","status":"passed","statusDetails":{"known":false,"muted":false,"flaky":false},"stage":"finished","steps":[],"attachments":[],"parameters":[],"start":1739725433206,"stop":1739725433294},{"name":"When user clicks the pickup location of the first available bike","status":"passed","statusDetails":{"known":false,"muted":false,"flaky":false},"stage":"finished","steps":[],"attachments":[],"parameters":[],"start":1739725433294,"stop":1739725433452},{"name":"And selects the first available location","status":"passed","statusDetails":{"known":false,"muted":false,"flaky":false},"stage":"finished","steps":[],"attachments":[],"parameters":[],"start":1739725433452,"stop":1739725433841},{"name":"And click book now","status":"broken","statusDetails":{"known":false,"muted":false,"flaky":false,"message":"element click intercepted: Element is not clickable at point (549, 577)\n  (Session info: chrome=133.0.6943.98)\nBuild info: version: '4.13.0', revision: 'ba948ece5b*'\nSystem info: os.name: 'Windows 11', os.arch: 'amd64', os.version: '10.0', java.version: '21.0.2'\nDriver info: org.openqa.selenium.chrome.ChromeDriver\nCommand: [653a4748828587a8edf02c46c8b03764, clickElement {id=f.3264E3024BB528D7A75D8E9A92C2ECBA.d.ACC25CA2DB732511AB56913AA4001C84.e.492}]\nCapabilities {acceptInsecureCerts: false, browserName: chrome, browserVersion: 133.0.6943.98, chrome: {chromedriverVersion: 133.0.6943.98 (da53563ceb66..., userDataDir: C:\\Users\\291495\\AppData\\Loc...}, fedcm:accounts: true, goog:chromeOptions: {debuggerAddress: localhost:50922}, networkConnectionEnabled: false, pageLoadStrategy: normal, platformName: windows, proxy: Proxy(), se:cdp: ws://localhost:50922/devtoo..., se:cdpVersion: 133.0.6943.98, setWindowRect: true, strictFileInteractability: false, timeouts: {implicit: 0, pageLoad: 300000, script: 30000}, unhandledPromptBehavior: dismiss and notify, webauthn:extension:credBlob: true, webauthn:extension:largeBlob: true, webauthn:extension:minPinLength: true, webauthn:extension:prf: true, webauthn:virtualAuthenticators: true}\nElement: [[[[ChromeDriver: chrome on windows (653a4748828587a8edf02c46c8b03764)] -> xpath: (//div[contains(@class,'each_card_form')]//h6)[1]]] -> xpath: ./../following-sibling::div/div/button]\nSession ID: 653a4748828587a8edf02c46c8b03764","trace":"org.openqa.selenium.ElementClickInterceptedException: element click intercepted: Element is not clickable at point (549, 577)\n  (Session info: chrome=133.0.6943.98)\nBuild info: version: '4.13.0', revision: 'ba948ece5b*'\nSystem info: os.name: 'Windows 11', os.arch: 'amd64', os.version: '10.0', java.version: '21.0.2'\nDriver info: org.openqa.selenium.chrome.ChromeDriver\nCommand: [653a4748828587a8edf02c46c8b03764, clickElement {id=f.3264E3024BB528D7A75D8E9A92C2ECBA.d.ACC25CA2DB732511AB56913AA4001C84.e.492}]\nCapabilities {acceptInsecureCerts: false, browserName: chrome, browserVersion: 133.0.6943.98, chrome: {chromedriverVersion: 133.0.6943.98 (da53563ceb66..., userDataDir: C:\\Users\\291495\\AppData\\Loc...}, fedcm:accounts: true, goog:chromeOptions: {debuggerAddress: localhost:50922}, networkConnectionEnabled: false, pageLoadStrategy: normal, platformName: windows, proxy: Proxy(), se:cdp: ws://localhost:50922/devtoo..., se:cdpVersion: 133.0.6943.98, setWindowRect: true, strictFileInteractability: false, timeouts: {implicit: 0, pageLoad: 300000, script: 30000}, unhandledPromptBehavior: dismiss and notify, webauthn:extension:credBlob: true, webauthn:extension:largeBlob: true, webauthn:extension:minPinLength: true, webauthn:extension:prf: true, webauthn:virtualAuthenticators: true}\nElement: [[[[ChromeDriver: chrome on windows (653a4748828587a8edf02c46c8b03764)] -> xpath: (//div[contains(@class,'each_card_form')]//h6)[1]]] -> xpath: ./../following-sibling::div/div/button]\nSession ID: 653a4748828587a8edf02c46c8b03764\r\n\tat java.base/jdk.internal.reflect.DirectConstructorHandleAccessor.newInstance(DirectConstructorHandleAccessor.java:62)\r\n\tat java.base/java.lang.reflect.Constructor.newInstanceWithCaller(Constructor.java:502)\r\n\tat java.base/java.lang.reflect.Constructor.newInstance(Constructor.java:486)\r\n\tat org.openqa.selenium.remote.codec.w3c.W3CHttpResponseCodec.createException(W3CHttpResponseCodec.java:200)\r\n\tat org.openqa.selenium.remote.codec.w3c.W3CHttpResponseCodec.decode(W3CHttpResponseCodec.java:133)\r\n\tat org.openqa.selenium.remote.codec.w3c.W3CHttpResponseCodec.decode(W3CHttpResponseCodec.java:52)\r\n\tat org.openqa.selenium.remote.HttpCommandExecutor.execute(HttpCommandExecutor.java:191)\r\n\tat org.openqa.selenium.remote.service.DriverCommandExecutor.invokeExecute(DriverCommandExecutor.java:196)\r\n\tat org.openqa.selenium.remote.service.DriverCommandExecutor.execute(DriverCommandExecutor.java:171)\r\n\tat org.openqa.selenium.remote.RemoteWebDriver.execute(RemoteWebDriver.java:602)\r\n\tat org.openqa.selenium.remote.RemoteWebElement.execute(RemoteWebElement.java:224)\r\n\tat org.openqa.selenium.remote.RemoteWebElement.click(RemoteWebElement.java:77)\r\n\tat com.automation.pages.web.WebRentalBikesPage.clickBookNow(WebRentalBikesPage.java:43)\r\n\tat com.automation.steps.RentalBikeSteps.clickBookNow(RentalBikeSteps.java:25)\r\n\tat ✽.click book now(file:///C:/Users/291495/Desktop/RoyalBrothersAutomationFrameWork/src/test/resources/features/SearchAndBookingFlow.feature:15)\r\n"},"stage":"finished","steps":[],"attachments":[],"parameters":[],"start":1739725433841,"stop":1739725434994},{"name":"Then verify user is on login page","status":"skipped","statusDetails":{"known":false,"muted":false,"flaky":false},"stage":"finished","steps":[],"attachments":[],"parameters":[],"start":1739725435002,"stop":1739725435004},{"name":"When user enters the mobile number \"phone.number\" and clicks get otp","status":"skipped","statusDetails":{"known":false,"muted":false,"flaky":false},"stage":"finished","steps":[],"attachments":[],"parameters":[],"start":1739725435006,"stop":1739725435008},{"name":"Then verify the otp page is displayed","status":"skipped","statusDetails":{"known":false,"muted":false,"flaky":false},"stage":"finished","steps":[],"attachments":[],"parameters":[],"start":1739725435008,"stop":1739725435010},{"name":"When user enters the otp and clicks submit","status":"skipped","statusDetails":{"known":false,"muted":false,"flaky":false},"stage":"finished","steps":[],"attachments":[],"parameters":[],"start":1739725435010,"stop":1739725435012},{"name":"Then verify the summary page is displayed","status":"skipped","statusDetails":{"known":false,"muted":false,"flaky":false},"stage":"finished","steps":[],"attachments":[],"parameters":[],"start":1739725435012,"stop":1739725435014},{"name":"And verify the details displayed","status":"skipped","statusDetails":{"known":false,"muted":false,"flaky":false},"stage":"finished","steps":[],"attachments":[],"parameters":[],"start":1739725435014,"stop":1739725435016}],"attachments":[],"parameters":[],"start":1739725417978,"stop":1739725435591}