{"uuid":"897bc615-a6e1-4311-ad90-c7ed278b430e","historyId":"a1cca3c7c9d885fbf464650d9ec9ac30","testCaseId":"7b4ea97968d676356cf2088571757641","fullName":"src/test/resources/features/SearchAndBookingFlow.feature:9","labels":[{"name":"tag","value":"web"},{"name":"tag","value":"android"},{"name":"host","value":"CDG8043"},{"name":"thread","value":"400@CDG8043.main(1)"},{"name":"feature","value":"Verify an End To End scenario"},{"name":"story","value":"Verify if user can book a bike"},{"name":"suite","value":"Verify an End To End scenario"},{"name":"testClass","value":"Verify if user can book a bike"},{"name":"framework","value":"cucumber4jvm"},{"name":"language","value":"java"},{"name":"gherkin_uri","value":"file:///C:/Users/291495/Desktop/RoyalBrothersAutomationFrameWork/src/test/resources/features/SearchAndBookingFlow.feature"},{"name":"package","value":"src.test.resources.features.SearchAndBookingFlow_feature.Verify an End To End scenario"}],"links":[],"name":"Verify if user can book a bike","status":"broken","statusDetails":{"known":false,"muted":false,"flaky":false,"message":"element click intercepted: Element is not clickable at point (549, 555)\n  (Session info: chrome=133.0.6943.98)\nBuild info: version: '4.13.0', revision: 'ba948ece5b*'\nSystem info: os.name: 'Windows 11', os.arch: 'amd64', os.version: '10.0', java.version: '21.0.2'\nDriver info: org.openqa.selenium.chrome.ChromeDriver\nCommand: [e68075829a267efce4e24e1d976bffaf, clickElement {id=f.8369BE3B020E7635BEC2E9FCD0CCF862.d.E1474BED13ED970EE83265B48C67E09B.e.494}]\nCapabilities {acceptInsecureCerts: false, browserName: chrome, browserVersion: 133.0.6943.98, chrome: {chromedriverVersion: 133.0.6943.98 (da53563ceb66..., userDataDir: C:\\Users\\291495\\AppData\\Loc...}, fedcm:accounts: true, goog:chromeOptions: {debuggerAddress: localhost:51829}, networkConnectionEnabled: false, pageLoadStrategy: normal, platformName: windows, proxy: Proxy(), se:cdp: ws://localhost:51829/devtoo..., se:cdpVersion: 133.0.6943.98, setWindowRect: true, strictFileInteractability: false, timeouts: {implicit: 0, pageLoad: 300000, script: 30000}, unhandledPromptBehavior: dismiss and notify, webauthn:extension:credBlob: true, webauthn:extension:largeBlob: true, webauthn:extension:minPinLength: true, webauthn:extension:prf: true, webauthn:virtualAuthenticators: true}\nElement: [[[[ChromeDriver: chrome on windows (e68075829a267efce4e24e1d976bffaf)] -> xpath: (//div[contains(@class,'each_card_form')]//h6)[1]]] -> xpath: ./../following-sibling::div/div/button]\nSession ID: e68075829a267efce4e24e1d976bffaf","trace":"org.openqa.selenium.ElementClickInterceptedException: element click intercepted: Element is not clickable at point (549, 555)\n  (Session info: chrome=133.0.6943.98)\nBuild info: version: '4.13.0', revision: 'ba948ece5b*'\nSystem info: os.name: 'Windows 11', os.arch: 'amd64', os.version: '10.0', java.version: '21.0.2'\nDriver info: org.openqa.selenium.chrome.ChromeDriver\nCommand: [e68075829a267efce4e24e1d976bffaf, clickElement {id=f.8369BE3B020E7635BEC2E9FCD0CCF862.d.E1474BED13ED970EE83265B48C67E09B.e.494}]\nCapabilities {acceptInsecureCerts: false, browserName: chrome, browserVersion: 133.0.6943.98, chrome: {chromedriverVersion: 133.0.6943.98 (da53563ceb66..., userDataDir: C:\\Users\\291495\\AppData\\Loc...}, fedcm:accounts: true, goog:chromeOptions: {debuggerAddress: localhost:51829}, networkConnectionEnabled: false, pageLoadStrategy: normal, platformName: windows, proxy: Proxy(), se:cdp: ws://localhost:51829/devtoo..., se:cdpVersion: 133.0.6943.98, setWindowRect: true, strictFileInteractability: false, timeouts: {implicit: 0, pageLoad: 300000, script: 30000}, unhandledPromptBehavior: dismiss and notify, webauthn:extension:credBlob: true, webauthn:extension:largeBlob: true, webauthn:extension:minPinLength: true, webauthn:extension:prf: true, webauthn:virtualAuthenticators: true}\nElement: [[[[ChromeDriver: chrome on windows (e68075829a267efce4e24e1d976bffaf)] -> xpath: (//div[contains(@class,'each_card_form')]//h6)[1]]] -> xpath: ./../following-sibling::div/div/button]\nSession ID: e68075829a267efce4e24e1d976bffaf\r\n\tat java.base/jdk.internal.reflect.DirectConstructorHandleAccessor.newInstance(DirectConstructorHandleAccessor.java:62)\r\n\tat java.base/java.lang.reflect.Constructor.newInstanceWithCaller(Constructor.java:502)\r\n\tat java.base/java.lang.reflect.Constructor.newInstance(Constructor.java:486)\r\n\tat org.openqa.selenium.remote.codec.w3c.W3CHttpResponseCodec.createException(W3CHttpResponseCodec.java:200)\r\n\tat org.openqa.selenium.remote.codec.w3c.W3CHttpResponseCodec.decode(W3CHttpResponseCodec.java:133)\r\n\tat org.openqa.selenium.remote.codec.w3c.W3CHttpResponseCodec.decode(W3CHttpResponseCodec.java:52)\r\n\tat org.openqa.selenium.remote.HttpCommandExecutor.execute(HttpCommandExecutor.java:191)\r\n\tat org.openqa.selenium.remote.service.DriverCommandExecutor.invokeExecute(DriverCommandExecutor.java:196)\r\n\tat org.openqa.selenium.remote.service.DriverCommandExecutor.execute(DriverCommandExecutor.java:171)\r\n\tat org.openqa.selenium.remote.RemoteWebDriver.execute(RemoteWebDriver.java:602)\r\n\tat org.openqa.selenium.remote.RemoteWebElement.execute(RemoteWebElement.java:224)\r\n\tat org.openqa.selenium.remote.RemoteWebElement.click(RemoteWebElement.java:77)\r\n\tat com.automation.pages.web.WebRentalBikesPage.clickBookNow(WebRentalBikesPage.java:43)\r\n\tat com.automation.steps.RentalBikeSteps.clickBookNow(RentalBikeSteps.java:25)\r\n\tat ✽.click book now(file:///C:/Users/291495/Desktop/RoyalBrothersAutomationFrameWork/src/test/resources/features/SearchAndBookingFlow.feature:15)\r\n"},"stage":"finished","steps":[{"name":"Given user opens website or application","status":"passed","statusDetails":{"known":false,"muted":false,"flaky":false},"stage":"finished","steps":[],"attachments":[],"parameters":[],"start":1739725670225,"stop":1739725677027},{"name":"When user enters the location as \"booking.city\"","status":"passed","statusDetails":{"known":false,"muted":false,"flaky":false},"stage":"finished","steps":[],"attachments":[],"parameters":[],"start":1739725677034,"stop":1739725679196},{"name":"Then verify user is on the home page","status":"passed","statusDetails":{"known":false,"muted":false,"flaky":false},"stage":"finished","steps":[],"attachments":[],"parameters":[],"start":1739725679197,"stop":1739725679274},{"name":"When user enters pickUp and dropOff date and time as \"pickUp.date\", \"pickUp.time\",\"dropOff.date\",\"dropOff.time\"","status":"passed","statusDetails":{"known":false,"muted":false,"flaky":false},"stage":"finished","steps":[],"attachments":[],"parameters":[],"start":1739725679274,"stop":1739725681555},{"name":"And clicks the search button","status":"passed","statusDetails":{"known":false,"muted":false,"flaky":false},"stage":"finished","steps":[],"attachments":[],"parameters":[],"start":1739725681555,"stop":1739725683946},{"name":"Then verify the user is on the rental bikes page","status":"passed","statusDetails":{"known":false,"muted":false,"flaky":false},"stage":"finished","steps":[],"attachments":[],"parameters":[],"start":1739725683953,"stop":1739725684031},{"name":"When user clicks the pickup location of the first available bike","status":"passed","statusDetails":{"known":false,"muted":false,"flaky":false},"stage":"finished","steps":[],"attachments":[],"parameters":[],"start":1739725684031,"stop":1739725684115},{"name":"And selects the first available location","status":"passed","statusDetails":{"known":false,"muted":false,"flaky":false},"stage":"finished","steps":[],"attachments":[],"parameters":[],"start":1739725684115,"stop":1739725684554},{"name":"And click book now","status":"broken","statusDetails":{"known":false,"muted":false,"flaky":false,"message":"element click intercepted: Element is not clickable at point (549, 555)\n  (Session info: chrome=133.0.6943.98)\nBuild info: version: '4.13.0', revision: 'ba948ece5b*'\nSystem info: os.name: 'Windows 11', os.arch: 'amd64', os.version: '10.0', java.version: '21.0.2'\nDriver info: org.openqa.selenium.chrome.ChromeDriver\nCommand: [e68075829a267efce4e24e1d976bffaf, clickElement {id=f.8369BE3B020E7635BEC2E9FCD0CCF862.d.E1474BED13ED970EE83265B48C67E09B.e.494}]\nCapabilities {acceptInsecureCerts: false, browserName: chrome, browserVersion: 133.0.6943.98, chrome: {chromedriverVersion: 133.0.6943.98 (da53563ceb66..., userDataDir: C:\\Users\\291495\\AppData\\Loc...}, fedcm:accounts: true, goog:chromeOptions: {debuggerAddress: localhost:51829}, networkConnectionEnabled: false, pageLoadStrategy: normal, platformName: windows, proxy: Proxy(), se:cdp: ws://localhost:51829/devtoo..., se:cdpVersion: 133.0.6943.98, setWindowRect: true, strictFileInteractability: false, timeouts: {implicit: 0, pageLoad: 300000, script: 30000}, unhandledPromptBehavior: dismiss and notify, webauthn:extension:credBlob: true, webauthn:extension:largeBlob: true, webauthn:extension:minPinLength: true, webauthn:extension:prf: true, webauthn:virtualAuthenticators: true}\nElement: [[[[ChromeDriver: chrome on windows (e68075829a267efce4e24e1d976bffaf)] -> xpath: (//div[contains(@class,'each_card_form')]//h6)[1]]] -> xpath: ./../following-sibling::div/div/button]\nSession ID: e68075829a267efce4e24e1d976bffaf","trace":"org.openqa.selenium.ElementClickInterceptedException: element click intercepted: Element is not clickable at point (549, 555)\n  (Session info: chrome=133.0.6943.98)\nBuild info: version: '4.13.0', revision: 'ba948ece5b*'\nSystem info: os.name: 'Windows 11', os.arch: 'amd64', os.version: '10.0', java.version: '21.0.2'\nDriver info: org.openqa.selenium.chrome.ChromeDriver\nCommand: [e68075829a267efce4e24e1d976bffaf, clickElement {id=f.8369BE3B020E7635BEC2E9FCD0CCF862.d.E1474BED13ED970EE83265B48C67E09B.e.494}]\nCapabilities {acceptInsecureCerts: false, browserName: chrome, browserVersion: 133.0.6943.98, chrome: {chromedriverVersion: 133.0.6943.98 (da53563ceb66..., userDataDir: C:\\Users\\291495\\AppData\\Loc...}, fedcm:accounts: true, goog:chromeOptions: {debuggerAddress: localhost:51829}, networkConnectionEnabled: false, pageLoadStrategy: normal, platformName: windows, proxy: Proxy(), se:cdp: ws://localhost:51829/devtoo..., se:cdpVersion: 133.0.6943.98, setWindowRect: true, strictFileInteractability: false, timeouts: {implicit: 0, pageLoad: 300000, script: 30000}, unhandledPromptBehavior: dismiss and notify, webauthn:extension:credBlob: true, webauthn:extension:largeBlob: true, webauthn:extension:minPinLength: true, webauthn:extension:prf: true, webauthn:virtualAuthenticators: true}\nElement: [[[[ChromeDriver: chrome on windows (e68075829a267efce4e24e1d976bffaf)] -> xpath: (//div[contains(@class,'each_card_form')]//h6)[1]]] -> xpath: ./../following-sibling::div/div/button]\nSession ID: e68075829a267efce4e24e1d976bffaf\r\n\tat java.base/jdk.internal.reflect.DirectConstructorHandleAccessor.newInstance(DirectConstructorHandleAccessor.java:62)\r\n\tat java.base/java.lang.reflect.Constructor.newInstanceWithCaller(Constructor.java:502)\r\n\tat java.base/java.lang.reflect.Constructor.newInstance(Constructor.java:486)\r\n\tat org.openqa.selenium.remote.codec.w3c.W3CHttpResponseCodec.createException(W3CHttpResponseCodec.java:200)\r\n\tat org.openqa.selenium.remote.codec.w3c.W3CHttpResponseCodec.decode(W3CHttpResponseCodec.java:133)\r\n\tat org.openqa.selenium.remote.codec.w3c.W3CHttpResponseCodec.decode(W3CHttpResponseCodec.java:52)\r\n\tat org.openqa.selenium.remote.HttpCommandExecutor.execute(HttpCommandExecutor.java:191)\r\n\tat org.openqa.selenium.remote.service.DriverCommandExecutor.invokeExecute(DriverCommandExecutor.java:196)\r\n\tat org.openqa.selenium.remote.service.DriverCommandExecutor.execute(DriverCommandExecutor.java:171)\r\n\tat org.openqa.selenium.remote.RemoteWebDriver.execute(RemoteWebDriver.java:602)\r\n\tat org.openqa.selenium.remote.RemoteWebElement.execute(RemoteWebElement.java:224)\r\n\tat org.openqa.selenium.remote.RemoteWebElement.click(RemoteWebElement.java:77)\r\n\tat com.automation.pages.web.WebRentalBikesPage.clickBookNow(WebRentalBikesPage.java:43)\r\n\tat com.automation.steps.RentalBikeSteps.clickBookNow(RentalBikeSteps.java:25)\r\n\tat ✽.click book now(file:///C:/Users/291495/Desktop/RoyalBrothersAutomationFrameWork/src/test/resources/features/SearchAndBookingFlow.feature:15)\r\n"},"stage":"finished","steps":[],"attachments":[],"parameters":[],"start":1739725684554,"stop":1739725685861},{"name":"Then verify user is on login page","status":"skipped","statusDetails":{"known":false,"muted":false,"flaky":false},"stage":"finished","steps":[],"attachments":[],"parameters":[],"start":1739725685875,"stop":1739725685875},{"name":"When user enters the mobile number \"phone.number\" and clicks get otp","status":"skipped","statusDetails":{"known":false,"muted":false,"flaky":false},"stage":"finished","steps":[],"attachments":[],"parameters":[],"start":1739725685881,"stop":1739725685881},{"name":"Then verify the otp page is displayed","status":"skipped","statusDetails":{"known":false,"muted":false,"flaky":false},"stage":"finished","steps":[],"attachments":[],"parameters":[],"start":1739725685883,"stop":1739725685883},{"name":"When user enters the otp and clicks submit","status":"skipped","statusDetails":{"known":false,"muted":false,"flaky":false},"stage":"finished","steps":[],"attachments":[],"parameters":[],"start":1739725685885,"stop":1739725685885},{"name":"Then verify the summary page is displayed","status":"skipped","statusDetails":{"known":false,"muted":false,"flaky":false},"stage":"finished","steps":[],"attachments":[],"parameters":[],"start":1739725685887,"stop":1739725685887},{"name":"And verify the details displayed","status":"skipped","statusDetails":{"known":false,"muted":false,"flaky":false},"stage":"finished","steps":[],"attachments":[],"parameters":[],"start":1739725685889,"stop":1739725685891}],"attachments":[],"parameters":[],"start":1739725665846,"stop":1739725686365}