{"uuid":"a1584ec3-f452-4922-add2-8add1b50a117","historyId":"7aeb0965861e2cf5e3294d7311fae5bb","testCaseId":"3eb8b6d08b44eab013ec59bf11514990","fullName":"src/test/resources/features/RBStore.feature:61","labels":[{"name":"tag","value":"web"},{"name":"host","value":"CDG8043"},{"name":"thread","value":"18464@CDG8043.main(1)"},{"name":"feature","value":"Validating RB Store"},{"name":"story","value":"Verify user can add and remove products from cart"},{"name":"suite","value":"Validating RB Store"},{"name":"testClass","value":"Verify user can add and remove products from cart"},{"name":"framework","value":"cucumber4jvm"},{"name":"language","value":"java"},{"name":"gherkin_uri","value":"file:///C:/Users/291495/Desktop/RoyalBrothersAutomationFrameWork/src/test/resources/features/RBStore.feature"},{"name":"package","value":"src.test.resources.features.RBStore_feature.Validating RB Store"}],"links":[],"name":"Verify user can add and remove products from cart","status":"broken","statusDetails":{"known":false,"muted":false,"flaky":false,"message":"element click intercepted: Element <a href=\"/collections/t-shirts/products/exploring-bangalore-oversized-t-shirt\" class=\"card-information__text h4\" tabindex=\"-1\">...</a> is not clickable at point (362, 501). Other element would receive the click: <a href=\"/collections/t-shirts/products/exploring-bangalore-oversized-t-shirt\" class=\"full-unstyled-link\">...</a>\n  (Session info: chrome=133.0.6943.127)\nBuild info: version: '4.13.0', revision: 'ba948ece5b*'\nSystem info: os.name: 'Windows 11', os.arch: 'amd64', os.version: '10.0', java.version: '21.0.2'\nDriver info: org.openqa.selenium.chrome.ChromeDriver\nCommand: [e821d228c766951a5f8d128a9c0964a3, clickElement {id=f.D0ECCB6462BEB14D3262A4185FA5E094.d.7D536A1BBA17BDDE9D0F3386B6122B95.e.204}]\nCapabilities {acceptInsecureCerts: false, browserName: chrome, browserVersion: 133.0.6943.127, chrome: {chromedriverVersion: 133.0.6943.126 (cffa127ce7b..., userDataDir: C:\\Users\\291495\\AppData\\Loc...}, fedcm:accounts: true, goog:chromeOptions: {debuggerAddress: localhost:57986}, networkConnectionEnabled: false, pageLoadStrategy: normal, platformName: windows, proxy: Proxy(), se:cdp: ws://localhost:57986/devtoo..., se:cdpVersion: 133.0.6943.127, setWindowRect: true, strictFileInteractability: false, timeouts: {implicit: 0, pageLoad: 300000, script: 30000}, unhandledPromptBehavior: dismiss and notify, webauthn:extension:credBlob: true, webauthn:extension:largeBlob: true, webauthn:extension:minPinLength: true, webauthn:extension:prf: true, webauthn:virtualAuthenticators: true}\nElement: [[ChromeDriver: chrome on windows (e821d228c766951a5f8d128a9c0964a3)] -> xpath: (//a[contains(@class,'card-information__text')])[1]]\nSession ID: e821d228c766951a5f8d128a9c0964a3","trace":"org.openqa.selenium.ElementClickInterceptedException: element click intercepted: Element <a href=\"/collections/t-shirts/products/exploring-bangalore-oversized-t-shirt\" class=\"card-information__text h4\" tabindex=\"-1\">...</a> is not clickable at point (362, 501). Other element would receive the click: <a href=\"/collections/t-shirts/products/exploring-bangalore-oversized-t-shirt\" class=\"full-unstyled-link\">...</a>\n  (Session info: chrome=133.0.6943.127)\nBuild info: version: '4.13.0', revision: 'ba948ece5b*'\nSystem info: os.name: 'Windows 11', os.arch: 'amd64', os.version: '10.0', java.version: '21.0.2'\nDriver info: org.openqa.selenium.chrome.ChromeDriver\nCommand: [e821d228c766951a5f8d128a9c0964a3, clickElement {id=f.D0ECCB6462BEB14D3262A4185FA5E094.d.7D536A1BBA17BDDE9D0F3386B6122B95.e.204}]\nCapabilities {acceptInsecureCerts: false, browserName: chrome, browserVersion: 133.0.6943.127, chrome: {chromedriverVersion: 133.0.6943.126 (cffa127ce7b..., userDataDir: C:\\Users\\291495\\AppData\\Loc...}, fedcm:accounts: true, goog:chromeOptions: {debuggerAddress: localhost:57986}, networkConnectionEnabled: false, pageLoadStrategy: normal, platformName: windows, proxy: Proxy(), se:cdp: ws://localhost:57986/devtoo..., se:cdpVersion: 133.0.6943.127, setWindowRect: true, strictFileInteractability: false, timeouts: {implicit: 0, pageLoad: 300000, script: 30000}, unhandledPromptBehavior: dismiss and notify, webauthn:extension:credBlob: true, webauthn:extension:largeBlob: true, webauthn:extension:minPinLength: true, webauthn:extension:prf: true, webauthn:virtualAuthenticators: true}\nElement: [[ChromeDriver: chrome on windows (e821d228c766951a5f8d128a9c0964a3)] -> xpath: (//a[contains(@class,'card-information__text')])[1]]\nSession ID: e821d228c766951a5f8d128a9c0964a3\r\n\tat java.base/jdk.internal.reflect.DirectConstructorHandleAccessor.newInstance(DirectConstructorHandleAccessor.java:62)\r\n\tat java.base/java.lang.reflect.Constructor.newInstanceWithCaller(Constructor.java:502)\r\n\tat java.base/java.lang.reflect.Constructor.newInstance(Constructor.java:486)\r\n\tat org.openqa.selenium.remote.codec.w3c.W3CHttpResponseCodec.createException(W3CHttpResponseCodec.java:200)\r\n\tat org.openqa.selenium.remote.codec.w3c.W3CHttpResponseCodec.decode(W3CHttpResponseCodec.java:133)\r\n\tat org.openqa.selenium.remote.codec.w3c.W3CHttpResponseCodec.decode(W3CHttpResponseCodec.java:52)\r\n\tat org.openqa.selenium.remote.HttpCommandExecutor.execute(HttpCommandExecutor.java:191)\r\n\tat org.openqa.selenium.remote.service.DriverCommandExecutor.invokeExecute(DriverCommandExecutor.java:196)\r\n\tat org.openqa.selenium.remote.service.DriverCommandExecutor.execute(DriverCommandExecutor.java:171)\r\n\tat org.openqa.selenium.remote.RemoteWebDriver.execute(RemoteWebDriver.java:602)\r\n\tat org.openqa.selenium.remote.RemoteWebElement.execute(RemoteWebElement.java:224)\r\n\tat org.openqa.selenium.remote.RemoteWebElement.click(RemoteWebElement.java:77)\r\n\tat java.base/jdk.internal.reflect.DirectMethodHandleAccessor.invoke(DirectMethodHandleAccessor.java:103)\r\n\tat java.base/java.lang.reflect.Method.invoke(Method.java:580)\r\n\tat org.openqa.selenium.support.pagefactory.internal.LocatingElementHandler.invoke(LocatingElementHandler.java:51)\r\n\tat jdk.proxy2/jdk.proxy2.$Proxy27.click(Unknown Source)\r\n\tat com.automation.pages.web.WebSelectedProductPage.clickFirstProduct(WebSelectedProductPage.java:71)\r\n\tat com.automation.steps.SelectedProductSteps.userClickTheFirstProduct(SelectedProductSteps.java:24)\r\n\tat ✽.user click the first product(file:///C:/Users/291495/Desktop/RoyalBrothersAutomationFrameWork/src/test/resources/features/RBStore.feature:66)\r\n"},"stage":"finished","steps":[{"name":"Given user opens website or application","status":"passed","statusDetails":{"known":false,"muted":false,"flaky":false},"stage":"finished","steps":[],"attachments":[],"parameters":[],"start":1740505226710,"stop":1740505236656},{"name":"And user enters the location as \"booking.city\"","status":"passed","statusDetails":{"known":false,"muted":false,"flaky":false},"stage":"finished","steps":[],"attachments":[],"parameters":[],"start":1740505236656,"stop":1740505247600},{"name":"Then verify user is on the home page","status":"passed","statusDetails":{"known":false,"muted":false,"flaky":false},"stage":"finished","steps":[],"attachments":[],"parameters":[],"start":1740505247602,"stop":1740505247649},{"name":"When user navigates to RB products page","status":"passed","statusDetails":{"known":false,"muted":false,"flaky":false},"stage":"finished","steps":[],"attachments":[],"parameters":[],"start":1740505247649,"stop":1740505251328},{"name":"Then verify the RB products page is displayed","status":"passed","statusDetails":{"known":false,"muted":false,"flaky":false},"stage":"finished","steps":[],"attachments":[],"parameters":[],"start":1740505251329,"stop":1740505254031},{"name":"When user selects the product \"T-Shirts\"","status":"passed","statusDetails":{"known":false,"muted":false,"flaky":false},"stage":"finished","steps":[],"attachments":[],"parameters":[],"start":1740505254031,"stop":1740505259927},{"name":"Then verify the product \"T-Shirts\" store page is displayed","status":"passed","statusDetails":{"known":false,"muted":false,"flaky":false},"stage":"finished","steps":[],"attachments":[],"parameters":[],"start":1740505259927,"stop":1740505259964},{"name":"When user click the first product","status":"broken","statusDetails":{"known":false,"muted":false,"flaky":false,"message":"element click intercepted: Element <a href=\"/collections/t-shirts/products/exploring-bangalore-oversized-t-shirt\" class=\"card-information__text h4\" tabindex=\"-1\">...</a> is not clickable at point (362, 501). Other element would receive the click: <a href=\"/collections/t-shirts/products/exploring-bangalore-oversized-t-shirt\" class=\"full-unstyled-link\">...</a>\n  (Session info: chrome=133.0.6943.127)\nBuild info: version: '4.13.0', revision: 'ba948ece5b*'\nSystem info: os.name: 'Windows 11', os.arch: 'amd64', os.version: '10.0', java.version: '21.0.2'\nDriver info: org.openqa.selenium.chrome.ChromeDriver\nCommand: [e821d228c766951a5f8d128a9c0964a3, clickElement {id=f.D0ECCB6462BEB14D3262A4185FA5E094.d.7D536A1BBA17BDDE9D0F3386B6122B95.e.204}]\nCapabilities {acceptInsecureCerts: false, browserName: chrome, browserVersion: 133.0.6943.127, chrome: {chromedriverVersion: 133.0.6943.126 (cffa127ce7b..., userDataDir: C:\\Users\\291495\\AppData\\Loc...}, fedcm:accounts: true, goog:chromeOptions: {debuggerAddress: localhost:57986}, networkConnectionEnabled: false, pageLoadStrategy: normal, platformName: windows, proxy: Proxy(), se:cdp: ws://localhost:57986/devtoo..., se:cdpVersion: 133.0.6943.127, setWindowRect: true, strictFileInteractability: false, timeouts: {implicit: 0, pageLoad: 300000, script: 30000}, unhandledPromptBehavior: dismiss and notify, webauthn:extension:credBlob: true, webauthn:extension:largeBlob: true, webauthn:extension:minPinLength: true, webauthn:extension:prf: true, webauthn:virtualAuthenticators: true}\nElement: [[ChromeDriver: chrome on windows (e821d228c766951a5f8d128a9c0964a3)] -> xpath: (//a[contains(@class,'card-information__text')])[1]]\nSession ID: e821d228c766951a5f8d128a9c0964a3","trace":"org.openqa.selenium.ElementClickInterceptedException: element click intercepted: Element <a href=\"/collections/t-shirts/products/exploring-bangalore-oversized-t-shirt\" class=\"card-information__text h4\" tabindex=\"-1\">...</a> is not clickable at point (362, 501). Other element would receive the click: <a href=\"/collections/t-shirts/products/exploring-bangalore-oversized-t-shirt\" class=\"full-unstyled-link\">...</a>\n  (Session info: chrome=133.0.6943.127)\nBuild info: version: '4.13.0', revision: 'ba948ece5b*'\nSystem info: os.name: 'Windows 11', os.arch: 'amd64', os.version: '10.0', java.version: '21.0.2'\nDriver info: org.openqa.selenium.chrome.ChromeDriver\nCommand: [e821d228c766951a5f8d128a9c0964a3, clickElement {id=f.D0ECCB6462BEB14D3262A4185FA5E094.d.7D536A1BBA17BDDE9D0F3386B6122B95.e.204}]\nCapabilities {acceptInsecureCerts: false, browserName: chrome, browserVersion: 133.0.6943.127, chrome: {chromedriverVersion: 133.0.6943.126 (cffa127ce7b..., userDataDir: C:\\Users\\291495\\AppData\\Loc...}, fedcm:accounts: true, goog:chromeOptions: {debuggerAddress: localhost:57986}, networkConnectionEnabled: false, pageLoadStrategy: normal, platformName: windows, proxy: Proxy(), se:cdp: ws://localhost:57986/devtoo..., se:cdpVersion: 133.0.6943.127, setWindowRect: true, strictFileInteractability: false, timeouts: {implicit: 0, pageLoad: 300000, script: 30000}, unhandledPromptBehavior: dismiss and notify, webauthn:extension:credBlob: true, webauthn:extension:largeBlob: true, webauthn:extension:minPinLength: true, webauthn:extension:prf: true, webauthn:virtualAuthenticators: true}\nElement: [[ChromeDriver: chrome on windows (e821d228c766951a5f8d128a9c0964a3)] -> xpath: (//a[contains(@class,'card-information__text')])[1]]\nSession ID: e821d228c766951a5f8d128a9c0964a3\r\n\tat java.base/jdk.internal.reflect.DirectConstructorHandleAccessor.newInstance(DirectConstructorHandleAccessor.java:62)\r\n\tat java.base/java.lang.reflect.Constructor.newInstanceWithCaller(Constructor.java:502)\r\n\tat java.base/java.lang.reflect.Constructor.newInstance(Constructor.java:486)\r\n\tat org.openqa.selenium.remote.codec.w3c.W3CHttpResponseCodec.createException(W3CHttpResponseCodec.java:200)\r\n\tat org.openqa.selenium.remote.codec.w3c.W3CHttpResponseCodec.decode(W3CHttpResponseCodec.java:133)\r\n\tat org.openqa.selenium.remote.codec.w3c.W3CHttpResponseCodec.decode(W3CHttpResponseCodec.java:52)\r\n\tat org.openqa.selenium.remote.HttpCommandExecutor.execute(HttpCommandExecutor.java:191)\r\n\tat org.openqa.selenium.remote.service.DriverCommandExecutor.invokeExecute(DriverCommandExecutor.java:196)\r\n\tat org.openqa.selenium.remote.service.DriverCommandExecutor.execute(DriverCommandExecutor.java:171)\r\n\tat org.openqa.selenium.remote.RemoteWebDriver.execute(RemoteWebDriver.java:602)\r\n\tat org.openqa.selenium.remote.RemoteWebElement.execute(RemoteWebElement.java:224)\r\n\tat org.openqa.selenium.remote.RemoteWebElement.click(RemoteWebElement.java:77)\r\n\tat java.base/jdk.internal.reflect.DirectMethodHandleAccessor.invoke(DirectMethodHandleAccessor.java:103)\r\n\tat java.base/java.lang.reflect.Method.invoke(Method.java:580)\r\n\tat org.openqa.selenium.support.pagefactory.internal.LocatingElementHandler.invoke(LocatingElementHandler.java:51)\r\n\tat jdk.proxy2/jdk.proxy2.$Proxy27.click(Unknown Source)\r\n\tat com.automation.pages.web.WebSelectedProductPage.clickFirstProduct(WebSelectedProductPage.java:71)\r\n\tat com.automation.steps.SelectedProductSteps.userClickTheFirstProduct(SelectedProductSteps.java:24)\r\n\tat ✽.user click the first product(file:///C:/Users/291495/Desktop/RoyalBrothersAutomationFrameWork/src/test/resources/features/RBStore.feature:66)\r\n"},"stage":"finished","steps":[],"attachments":[],"parameters":[],"start":1740505259964,"stop":1740505261384},{"name":"Then verify if the product \"first.prod.name\" page is displayed","status":"skipped","statusDetails":{"known":false,"muted":false,"flaky":false},"stage":"finished","steps":[],"attachments":[],"parameters":[],"start":1740505261386,"stop":1740505261388},{"name":"When user clicks add to cart","status":"skipped","statusDetails":{"known":false,"muted":false,"flaky":false},"stage":"finished","steps":[],"attachments":[],"parameters":[],"start":1740505261388,"stop":1740505261388},{"name":"Then verify if the cart drawer is displayed","status":"skipped","statusDetails":{"known":false,"muted":false,"flaky":false},"stage":"finished","steps":[],"attachments":[],"parameters":[],"start":1740505261389,"stop":1740505261389},{"name":"And verify if the added product \"first.prod.name\" is displayed","status":"skipped","statusDetails":{"known":false,"muted":false,"flaky":false},"stage":"finished","steps":[],"attachments":[],"parameters":[],"start":1740505261389,"stop":1740505261389},{"name":"When user closes the cart drawer","status":"skipped","statusDetails":{"known":false,"muted":false,"flaky":false},"stage":"finished","steps":[],"attachments":[],"parameters":[],"start":1740505261391,"stop":1740505261391},{"name":"And user click the second product","status":"skipped","statusDetails":{"known":false,"muted":false,"flaky":false},"stage":"finished","steps":[],"attachments":[],"parameters":[],"start":1740505261391,"stop":1740505261391},{"name":"Then verify if the product \"second.prod.name\" page is displayed","status":"skipped","statusDetails":{"known":false,"muted":false,"flaky":false},"stage":"finished","steps":[],"attachments":[],"parameters":[],"start":1740505261393,"stop":1740505261393},{"name":"When user clicks add to cart","status":"skipped","statusDetails":{"known":false,"muted":false,"flaky":false},"stage":"finished","steps":[],"attachments":[],"parameters":[],"start":1740505261394,"stop":1740505261394},{"name":"Then verify if the cart drawer is displayed","status":"skipped","statusDetails":{"known":false,"muted":false,"flaky":false},"stage":"finished","steps":[],"attachments":[],"parameters":[],"start":1740505261394,"stop":1740505261395},{"name":"And verify if the added product \"second.prod.name\" is displayed","status":"skipped","statusDetails":{"known":false,"muted":false,"flaky":false},"stage":"finished","steps":[],"attachments":[],"parameters":[],"start":1740505261395,"stop":1740505261397},{"name":"When user removes the product \"second.prod.name\"","status":"skipped","statusDetails":{"known":false,"muted":false,"flaky":false},"stage":"finished","steps":[],"attachments":[],"parameters":[],"start":1740505261397,"stop":1740505261397},{"name":"Then verify if the product \"second.prod.name\" is removed","status":"skipped","statusDetails":{"known":false,"muted":false,"flaky":false},"stage":"finished","steps":[],"attachments":[],"parameters":[],"start":1740505261399,"stop":1740505261399},{"name":"When user click checkout button","status":"skipped","statusDetails":{"known":false,"muted":false,"flaky":false},"stage":"finished","steps":[],"attachments":[],"parameters":[],"start":1740505261399,"stop":1740505261400},{"name":"Then verify the checkout page is displayed","status":"skipped","statusDetails":{"known":false,"muted":false,"flaky":false},"stage":"finished","steps":[],"attachments":[],"parameters":[],"start":1740505261400,"stop":1740505261402},{"name":"And verify if the total price is correct","status":"skipped","statusDetails":{"known":false,"muted":false,"flaky":false},"stage":"finished","steps":[],"attachments":[],"parameters":[],"start":1740505261402,"stop":1740505261402}],"attachments":[],"parameters":[],"start":1740505223212,"stop":1740505262533}