{"uuid":"a9c6f88c-24a1-4ed0-a135-eaf3219f6975","historyId":"7872a0dfcc95061c64c22f5643a74476","testCaseId":"6269a3ced744894e90a619417b707450","fullName":"src/test/resources/features/WebUserAuthentication.feature:28","labels":[{"name":"tag","value":"web"},{"name":"host","value":"CDG8043"},{"name":"thread","value":"14404@CDG8043.main(1)"},{"name":"feature","value":"Validate user authentication functionality"},{"name":"story","value":"Unsuccessful login with invalid credentials"},{"name":"suite","value":"Validate user authentication functionality"},{"name":"testClass","value":"Unsuccessful login with invalid credentials"},{"name":"framework","value":"cucumber4jvm"},{"name":"language","value":"java"},{"name":"gherkin_uri","value":"file:///C:/Users/291495/Desktop/RoyalBrothersAutomationFrameWork/src/test/resources/features/WebUserAuthentication.feature"},{"name":"package","value":"src.test.resources.features.WebUserAuthentication_feature.Validate user authentication functionality"}],"links":[],"name":"Unsuccessful login with invalid credentials","status":"broken","statusDetails":{"known":false,"muted":false,"flaky":false,"message":"element click intercepted: Element <button style=\"margin-top:0rem;border:none;font-weight:600;background-color:#f2f2f2;margin-bottom:30px\">...</button> is not clickable at point (631, 511). Other element would receive the click: <iframe title=\"recaptcha challenge expires in two minutes\" name=\"c-e96wqi814ifp\" frameborder=\"0\" scrolling=\"no\" sandbox=\"allow-forms allow-popups allow-same-origin allow-scripts allow-top-navigation allow-modals allow-popups-to-escape-sandbox allow-storage-access-by-user-activation\" src=\"https://www.google.com/recaptcha/api2/bframe?hl=en&amp;v=IyZ984yGrXrBd6ihLOYGwy9X&amp;k=6Lf2CekUAAAAADC06LrERhN55ufLBnsAoXZCT5z5\" style=\"width: 339px; height: 519px;\"></iframe>\n  (Session info: chrome=133.0.6943.127)\nBuild info: version: '4.13.0', revision: 'ba948ece5b*'\nSystem info: os.name: 'Windows 11', os.arch: 'amd64', os.version: '10.0', java.version: '21.0.2'\nDriver info: org.openqa.selenium.chrome.ChromeDriver\nCommand: [6314f9403c124950c081606c9e6f3c9c, clickElement {id=f.E751FC794378FA62879F95AB47F579D7.d.2AA02EC430C32370CC644EDE30941DE6.e.115}]\nCapabilities {acceptInsecureCerts: false, browserName: chrome, browserVersion: 133.0.6943.127, chrome: {chromedriverVersion: 133.0.6943.126 (cffa127ce7b..., userDataDir: C:\\Users\\291495\\AppData\\Loc...}, fedcm:accounts: true, goog:chromeOptions: {debuggerAddress: localhost:54756}, networkConnectionEnabled: false, pageLoadStrategy: normal, platformName: windows, proxy: Proxy(), se:cdp: ws://localhost:54756/devtoo..., se:cdpVersion: 133.0.6943.127, setWindowRect: true, strictFileInteractability: false, timeouts: {implicit: 0, pageLoad: 300000, script: 30000}, unhandledPromptBehavior: dismiss and notify, webauthn:extension:credBlob: true, webauthn:extension:largeBlob: true, webauthn:extension:minPinLength: true, webauthn:extension:prf: true, webauthn:virtualAuthenticators: true}\nElement: [[ChromeDriver: chrome on windows (6314f9403c124950c081606c9e6f3c9c)] -> xpath: //button[text()='Login with OTP']]\nSession ID: 6314f9403c124950c081606c9e6f3c9c","trace":"org.openqa.selenium.ElementClickInterceptedException: element click intercepted: Element <button style=\"margin-top:0rem;border:none;font-weight:600;background-color:#f2f2f2;margin-bottom:30px\">...</button> is not clickable at point (631, 511). Other element would receive the click: <iframe title=\"recaptcha challenge expires in two minutes\" name=\"c-e96wqi814ifp\" frameborder=\"0\" scrolling=\"no\" sandbox=\"allow-forms allow-popups allow-same-origin allow-scripts allow-top-navigation allow-modals allow-popups-to-escape-sandbox allow-storage-access-by-user-activation\" src=\"https://www.google.com/recaptcha/api2/bframe?hl=en&amp;v=IyZ984yGrXrBd6ihLOYGwy9X&amp;k=6Lf2CekUAAAAADC06LrERhN55ufLBnsAoXZCT5z5\" style=\"width: 339px; height: 519px;\"></iframe>\n  (Session info: chrome=133.0.6943.127)\nBuild info: version: '4.13.0', revision: 'ba948ece5b*'\nSystem info: os.name: 'Windows 11', os.arch: 'amd64', os.version: '10.0', java.version: '21.0.2'\nDriver info: org.openqa.selenium.chrome.ChromeDriver\nCommand: [6314f9403c124950c081606c9e6f3c9c, clickElement {id=f.E751FC794378FA62879F95AB47F579D7.d.2AA02EC430C32370CC644EDE30941DE6.e.115}]\nCapabilities {acceptInsecureCerts: false, browserName: chrome, browserVersion: 133.0.6943.127, chrome: {chromedriverVersion: 133.0.6943.126 (cffa127ce7b..., userDataDir: C:\\Users\\291495\\AppData\\Loc...}, fedcm:accounts: true, goog:chromeOptions: {debuggerAddress: localhost:54756}, networkConnectionEnabled: false, pageLoadStrategy: normal, platformName: windows, proxy: Proxy(), se:cdp: ws://localhost:54756/devtoo..., se:cdpVersion: 133.0.6943.127, setWindowRect: true, strictFileInteractability: false, timeouts: {implicit: 0, pageLoad: 300000, script: 30000}, unhandledPromptBehavior: dismiss and notify, webauthn:extension:credBlob: true, webauthn:extension:largeBlob: true, webauthn:extension:minPinLength: true, webauthn:extension:prf: true, webauthn:virtualAuthenticators: true}\nElement: [[ChromeDriver: chrome on windows (6314f9403c124950c081606c9e6f3c9c)] -> xpath: //button[text()='Login with OTP']]\nSession ID: 6314f9403c124950c081606c9e6f3c9c\r\n\tat java.base/jdk.internal.reflect.DirectConstructorHandleAccessor.newInstance(DirectConstructorHandleAccessor.java:62)\r\n\tat java.base/java.lang.reflect.Constructor.newInstanceWithCaller(Constructor.java:502)\r\n\tat java.base/java.lang.reflect.Constructor.newInstance(Constructor.java:486)\r\n\tat org.openqa.selenium.remote.codec.w3c.W3CHttpResponseCodec.createException(W3CHttpResponseCodec.java:200)\r\n\tat org.openqa.selenium.remote.codec.w3c.W3CHttpResponseCodec.decode(W3CHttpResponseCodec.java:133)\r\n\tat org.openqa.selenium.remote.codec.w3c.W3CHttpResponseCodec.decode(W3CHttpResponseCodec.java:52)\r\n\tat org.openqa.selenium.remote.HttpCommandExecutor.execute(HttpCommandExecutor.java:191)\r\n\tat org.openqa.selenium.remote.service.DriverCommandExecutor.invokeExecute(DriverCommandExecutor.java:196)\r\n\tat org.openqa.selenium.remote.service.DriverCommandExecutor.execute(DriverCommandExecutor.java:171)\r\n\tat org.openqa.selenium.remote.RemoteWebDriver.execute(RemoteWebDriver.java:602)\r\n\tat org.openqa.selenium.remote.RemoteWebElement.execute(RemoteWebElement.java:224)\r\n\tat org.openqa.selenium.remote.RemoteWebElement.click(RemoteWebElement.java:77)\r\n\tat java.base/jdk.internal.reflect.DirectMethodHandleAccessor.invoke(DirectMethodHandleAccessor.java:103)\r\n\tat java.base/java.lang.reflect.Method.invoke(Method.java:580)\r\n\tat org.openqa.selenium.support.pagefactory.internal.LocatingElementHandler.invoke(LocatingElementHandler.java:51)\r\n\tat jdk.proxy2/jdk.proxy2.$Proxy27.click(Unknown Source)\r\n\tat com.automation.pages.web.WebLoginPage.enterNumber(WebLoginPage.java:77)\r\n\tat com.automation.steps.LoginSteps.userEntersTheMobileNumberAndClicksGetOtp(LoginSteps.java:17)\r\n\tat ✽.user enters the mobile number \"373738383\" and clicks get otp(file:///C:/Users/291495/Desktop/RoyalBrothersAutomationFrameWork/src/test/resources/features/WebUserAuthentication.feature:23)\r\n"},"stage":"finished","steps":[{"name":"Given user opens website or application","status":"passed","statusDetails":{"known":false,"muted":false,"flaky":false},"stage":"finished","steps":[],"attachments":[],"parameters":[],"start":1740219307650,"stop":1740219312721},{"name":"And user enters the location as \"booking.city\"","status":"passed","statusDetails":{"known":false,"muted":false,"flaky":false},"stage":"finished","steps":[],"attachments":[],"parameters":[],"start":1740219312722,"stop":1740219316057},{"name":"Then verify user is on the home page","status":"passed","statusDetails":{"known":false,"muted":false,"flaky":false},"stage":"finished","steps":[],"attachments":[],"parameters":[],"start":1740219316060,"stop":1740219316161},{"name":"When user clicks on \"Login\" button","status":"passed","statusDetails":{"known":false,"muted":false,"flaky":false},"stage":"finished","steps":[],"attachments":[],"parameters":[],"start":1740219316161,"stop":1740219320222},{"name":"Then verify user is on login page","status":"passed","statusDetails":{"known":false,"muted":false,"flaky":false},"stage":"finished","steps":[],"attachments":[],"parameters":[],"start":1740219320222,"stop":1740219320435},{"name":"And user enters the mobile number \"373738383\" and clicks get otp","status":"broken","statusDetails":{"known":false,"muted":false,"flaky":false,"message":"element click intercepted: Element <button style=\"margin-top:0rem;border:none;font-weight:600;background-color:#f2f2f2;margin-bottom:30px\">...</button> is not clickable at point (631, 511). Other element would receive the click: <iframe title=\"recaptcha challenge expires in two minutes\" name=\"c-e96wqi814ifp\" frameborder=\"0\" scrolling=\"no\" sandbox=\"allow-forms allow-popups allow-same-origin allow-scripts allow-top-navigation allow-modals allow-popups-to-escape-sandbox allow-storage-access-by-user-activation\" src=\"https://www.google.com/recaptcha/api2/bframe?hl=en&amp;v=IyZ984yGrXrBd6ihLOYGwy9X&amp;k=6Lf2CekUAAAAADC06LrERhN55ufLBnsAoXZCT5z5\" style=\"width: 339px; height: 519px;\"></iframe>\n  (Session info: chrome=133.0.6943.127)\nBuild info: version: '4.13.0', revision: 'ba948ece5b*'\nSystem info: os.name: 'Windows 11', os.arch: 'amd64', os.version: '10.0', java.version: '21.0.2'\nDriver info: org.openqa.selenium.chrome.ChromeDriver\nCommand: [6314f9403c124950c081606c9e6f3c9c, clickElement {id=f.E751FC794378FA62879F95AB47F579D7.d.2AA02EC430C32370CC644EDE30941DE6.e.115}]\nCapabilities {acceptInsecureCerts: false, browserName: chrome, browserVersion: 133.0.6943.127, chrome: {chromedriverVersion: 133.0.6943.126 (cffa127ce7b..., userDataDir: C:\\Users\\291495\\AppData\\Loc...}, fedcm:accounts: true, goog:chromeOptions: {debuggerAddress: localhost:54756}, networkConnectionEnabled: false, pageLoadStrategy: normal, platformName: windows, proxy: Proxy(), se:cdp: ws://localhost:54756/devtoo..., se:cdpVersion: 133.0.6943.127, setWindowRect: true, strictFileInteractability: false, timeouts: {implicit: 0, pageLoad: 300000, script: 30000}, unhandledPromptBehavior: dismiss and notify, webauthn:extension:credBlob: true, webauthn:extension:largeBlob: true, webauthn:extension:minPinLength: true, webauthn:extension:prf: true, webauthn:virtualAuthenticators: true}\nElement: [[ChromeDriver: chrome on windows (6314f9403c124950c081606c9e6f3c9c)] -> xpath: //button[text()='Login with OTP']]\nSession ID: 6314f9403c124950c081606c9e6f3c9c","trace":"org.openqa.selenium.ElementClickInterceptedException: element click intercepted: Element <button style=\"margin-top:0rem;border:none;font-weight:600;background-color:#f2f2f2;margin-bottom:30px\">...</button> is not clickable at point (631, 511). Other element would receive the click: <iframe title=\"recaptcha challenge expires in two minutes\" name=\"c-e96wqi814ifp\" frameborder=\"0\" scrolling=\"no\" sandbox=\"allow-forms allow-popups allow-same-origin allow-scripts allow-top-navigation allow-modals allow-popups-to-escape-sandbox allow-storage-access-by-user-activation\" src=\"https://www.google.com/recaptcha/api2/bframe?hl=en&amp;v=IyZ984yGrXrBd6ihLOYGwy9X&amp;k=6Lf2CekUAAAAADC06LrERhN55ufLBnsAoXZCT5z5\" style=\"width: 339px; height: 519px;\"></iframe>\n  (Session info: chrome=133.0.6943.127)\nBuild info: version: '4.13.0', revision: 'ba948ece5b*'\nSystem info: os.name: 'Windows 11', os.arch: 'amd64', os.version: '10.0', java.version: '21.0.2'\nDriver info: org.openqa.selenium.chrome.ChromeDriver\nCommand: [6314f9403c124950c081606c9e6f3c9c, clickElement {id=f.E751FC794378FA62879F95AB47F579D7.d.2AA02EC430C32370CC644EDE30941DE6.e.115}]\nCapabilities {acceptInsecureCerts: false, browserName: chrome, browserVersion: 133.0.6943.127, chrome: {chromedriverVersion: 133.0.6943.126 (cffa127ce7b..., userDataDir: C:\\Users\\291495\\AppData\\Loc...}, fedcm:accounts: true, goog:chromeOptions: {debuggerAddress: localhost:54756}, networkConnectionEnabled: false, pageLoadStrategy: normal, platformName: windows, proxy: Proxy(), se:cdp: ws://localhost:54756/devtoo..., se:cdpVersion: 133.0.6943.127, setWindowRect: true, strictFileInteractability: false, timeouts: {implicit: 0, pageLoad: 300000, script: 30000}, unhandledPromptBehavior: dismiss and notify, webauthn:extension:credBlob: true, webauthn:extension:largeBlob: true, webauthn:extension:minPinLength: true, webauthn:extension:prf: true, webauthn:virtualAuthenticators: true}\nElement: [[ChromeDriver: chrome on windows (6314f9403c124950c081606c9e6f3c9c)] -> xpath: //button[text()='Login with OTP']]\nSession ID: 6314f9403c124950c081606c9e6f3c9c\r\n\tat java.base/jdk.internal.reflect.DirectConstructorHandleAccessor.newInstance(DirectConstructorHandleAccessor.java:62)\r\n\tat java.base/java.lang.reflect.Constructor.newInstanceWithCaller(Constructor.java:502)\r\n\tat java.base/java.lang.reflect.Constructor.newInstance(Constructor.java:486)\r\n\tat org.openqa.selenium.remote.codec.w3c.W3CHttpResponseCodec.createException(W3CHttpResponseCodec.java:200)\r\n\tat org.openqa.selenium.remote.codec.w3c.W3CHttpResponseCodec.decode(W3CHttpResponseCodec.java:133)\r\n\tat org.openqa.selenium.remote.codec.w3c.W3CHttpResponseCodec.decode(W3CHttpResponseCodec.java:52)\r\n\tat org.openqa.selenium.remote.HttpCommandExecutor.execute(HttpCommandExecutor.java:191)\r\n\tat org.openqa.selenium.remote.service.DriverCommandExecutor.invokeExecute(DriverCommandExecutor.java:196)\r\n\tat org.openqa.selenium.remote.service.DriverCommandExecutor.execute(DriverCommandExecutor.java:171)\r\n\tat org.openqa.selenium.remote.RemoteWebDriver.execute(RemoteWebDriver.java:602)\r\n\tat org.openqa.selenium.remote.RemoteWebElement.execute(RemoteWebElement.java:224)\r\n\tat org.openqa.selenium.remote.RemoteWebElement.click(RemoteWebElement.java:77)\r\n\tat java.base/jdk.internal.reflect.DirectMethodHandleAccessor.invoke(DirectMethodHandleAccessor.java:103)\r\n\tat java.base/java.lang.reflect.Method.invoke(Method.java:580)\r\n\tat org.openqa.selenium.support.pagefactory.internal.LocatingElementHandler.invoke(LocatingElementHandler.java:51)\r\n\tat jdk.proxy2/jdk.proxy2.$Proxy27.click(Unknown Source)\r\n\tat com.automation.pages.web.WebLoginPage.enterNumber(WebLoginPage.java:77)\r\n\tat com.automation.steps.LoginSteps.userEntersTheMobileNumberAndClicksGetOtp(LoginSteps.java:17)\r\n\tat ✽.user enters the mobile number \"373738383\" and clicks get otp(file:///C:/Users/291495/Desktop/RoyalBrothersAutomationFrameWork/src/test/resources/features/WebUserAuthentication.feature:23)\r\n"},"stage":"finished","steps":[],"attachments":[],"parameters":[],"start":1740219320435,"stop":1740219382560},{"name":"Then verify the error message is displayed","status":"skipped","statusDetails":{"known":false,"muted":false,"flaky":false},"stage":"finished","steps":[],"attachments":[],"parameters":[],"start":1740219382560,"stop":1740219382561}],"attachments":[],"parameters":[{"name":"phone.number","value":"373738383"}],"start":1740219304714,"stop":1740219383562}