{"uuid":"ae4d5470-f639-409c-a19f-88ced090a20f","historyId":"8cc557655822aa6ac7de7c62a51c6105","testCaseId":"5ef76499c65df5074b9544a241cddd3f","fullName":"src/test/resources/features/APINegativeTests.feature:4","labels":[{"name":"tag","value":"api"},{"name":"host","value":"CDG8043"},{"name":"thread","value":"24852@CDG8043.main(1)"},{"name":"feature","value":"Negative api scenarios"},{"name":"story","value":"verify user cannot perform create operations using invalid data"},{"name":"suite","value":"Negative api scenarios"},{"name":"testClass","value":"verify user cannot perform create operations using invalid data"},{"name":"framework","value":"cucumber4jvm"},{"name":"language","value":"java"},{"name":"gherkin_uri","value":"file:///C:/Users/291495/Desktop/RoyalBrothersAutomationFrameWork/src/test/resources/features/APINegativeTests.feature"},{"name":"package","value":"src.test.resources.features.APINegativeTests_feature.Negative api scenarios"}],"links":[],"name":"verify user cannot perform create operations using invalid data","status":"failed","statusDetails":{"known":false,"muted":false,"flaky":false,"message":"Values should be different. Actual: 201","trace":"java.lang.AssertionError: Values should be different. Actual: 201\r\n\tat org.junit.Assert.fail(Assert.java:88)\r\n\tat org.junit.Assert.failEquals(Assert.java:185)\r\n\tat org.junit.Assert.assertNotEquals(Assert.java:199)\r\n\tat org.junit.Assert.assertNotEquals(Assert.java:211)\r\n\tat com.automation.steps.ApiResponseSteps.verifyStatusCodeIsNot(ApiResponseSteps.java:52)\r\n\tat ✽.verify status code is not 201(file:///C:/Users/291495/Desktop/RoyalBrothersAutomationFrameWork/src/test/resources/features/APINegativeTests.feature:9)\r\n"},"stage":"finished","steps":[{"name":"Given user calls \"/users\" endpoint","status":"passed","statusDetails":{"known":false,"muted":false,"flaky":false},"stage":"finished","steps":[],"attachments":[],"parameters":[],"start":1740551778272,"stop":1740551778274},{"name":"And set header \"Content-Type\" to \"application/json\"","status":"passed","statusDetails":{"known":false,"muted":false,"flaky":false},"stage":"finished","steps":[],"attachments":[],"parameters":[],"start":1740551778274,"stop":1740551778278},{"name":"And user set request body from file \"create-user.json\" setting \"salary\" value \"4324324\"","status":"passed","statusDetails":{"known":false,"muted":false,"flaky":false},"stage":"finished","steps":[],"attachments":[],"parameters":[],"start":1740551778278,"stop":1740551778290},{"name":"When user makes post request","status":"passed","statusDetails":{"known":false,"muted":false,"flaky":false},"stage":"finished","steps":[],"attachments":[],"parameters":[],"start":1740551778292,"stop":1740551778752},{"name":"Then verify status code is not 201","status":"failed","statusDetails":{"known":false,"muted":false,"flaky":false,"message":"Values should be different. Actual: 201","trace":"java.lang.AssertionError: Values should be different. Actual: 201\r\n\tat org.junit.Assert.fail(Assert.java:88)\r\n\tat org.junit.Assert.failEquals(Assert.java:185)\r\n\tat org.junit.Assert.assertNotEquals(Assert.java:199)\r\n\tat org.junit.Assert.assertNotEquals(Assert.java:211)\r\n\tat com.automation.steps.ApiResponseSteps.verifyStatusCodeIsNot(ApiResponseSteps.java:52)\r\n\tat ✽.verify status code is not 201(file:///C:/Users/291495/Desktop/RoyalBrothersAutomationFrameWork/src/test/resources/features/APINegativeTests.feature:9)\r\n"},"stage":"finished","steps":[],"attachments":[],"parameters":[],"start":1740551778754,"stop":1740551778769}],"attachments":[],"parameters":[],"start":1740551778256,"stop":1740551778779}